#
# A fatal error has been detected by the Java Runtime Environment:
#
#  Internal Error (vmThread.cpp:733), pid=72292, tid=14851
#  fatal error: Nested VM operation CollectForMetadataAllocation requested by operation ChangeBreakpoints
#
# JRE version: OpenJDK Runtime Environment AdoptOpenJDK-11.0.11+9 (11.0.11+9) (build 11.0.11+9)
# Java VM: OpenJDK 64-Bit Server VM AdoptOpenJDK-11.0.11+9 (11.0.11+9, mixed mode, tiered, compressed oops, g1 gc, bsd-amd64)
# No core dump will be written. Core dumps have been disabled. To enable core dumping, try "ulimit -c unlimited" before starting Java again
#
# If you would like to submit a bug report, please visit:
#   https://github.com/AdoptOpenJDK/openjdk-support/issues
#

---------------  S U M M A R Y ------------

Command Line: -agentlib:jdwp=transport=dt_socket,address=127.0.0.1:61186,suspend=y,server=n -XX:TieredStopAtLevel=1 -Xverify:none -Dspring.output.ansi.enabled=always -Dcom.sun.management.jmxremote -Dspring.jmx.enabled=true -Dspring.liveBeansView.mbeanDomain -Dspring.application.admin.enabled=true -javaagent:/Users/ugo/Library/Caches/JetBrains/IntelliJIdea2022.2/captureAgent/debugger-agent.jar -Dfile.encoding=UTF-8 com.app.thingsilove.ThingsiloveApplication

Host: MacBookAir10,1 x86_64 2400 MHz, 8 cores, 8G, Darwin 21.5.0
Time: Tue Nov  1 01:55:26 2022 KST elapsed time: 6.873129 seconds (0d 0h 0m 6s)

---------------  T H R E A D  ---------------

Current thread (0x00007fc1b9008800):  VMThread "VM Thread" [stack: 0x000000030e7be000,0x000000030e8be000] [id=14851]

Stack: [0x000000030e7be000,0x000000030e8be000],  sp=0x000000030e8bd360,  free space=1020k
Native frames: (J=compiled Java code, A=aot compiled Java code, j=interpreted, Vv=VM code, C=native code)
V  [libjvm.dylib+0x7bb973]  _ZN7VMError14report_and_dieEiPKcS1_P13__va_list_tagP6ThreadPhPvS7_S1_im+0x64f
V  [libjvm.dylib+0x7bc06f]  _ZN7VMError14report_and_dieEP6ThreadPvPKciS4_S4_P13__va_list_tag+0x47
V  [libjvm.dylib+0x2752a8]  _Z12report_fatalPKciS0_z+0xb5
V  [libjvm.dylib+0x7c5bc2]  _ZN8VMThread7executeEP12VM_Operation+0xa2
V  [libjvm.dylib+0x21cd0c]  _ZN13CollectedHeap34satisfy_failed_metadata_allocationEP15ClassLoaderDatamN9Metaspace12MetadataTypeE+0x164
V  [libjvm.dylib+0x5d0215]  _ZN9Metaspace8allocateEP15ClassLoaderDatamN12MetaspaceObj4TypeEP6Thread+0xad
V  [libjvm.dylib+0x5de8a6]  _ZN14MethodCounters8allocateERK12methodHandleP6Thread+0x3a
V  [libjvm.dylib+0x5d9d5b]  _ZN6Method21build_method_countersEPS_P6Thread+0x63
V  [libjvm.dylib+0x1cab67]  _ZN6Method19get_method_countersEP6Thread+0x1b
V  [libjvm.dylib+0x5dc621]  _ZN14BreakpointInfo3setEP6Method+0x39
V  [libjvm.dylib+0x4de3b3]  _ZN15JvmtiBreakpoint22each_method_version_doEM6MethodFviE+0x3f
V  [libjvm.dylib+0x4de6b7]  _ZN16JvmtiBreakpoints16set_at_safepointER15JvmtiBreakpoint+0x81
V  [libjvm.dylib+0x7bd5e7]  _ZN12VM_Operation8evaluateEv+0xd5
V  [libjvm.dylib+0x7c5939]  _ZN8VMThread18evaluate_operationEP12VM_Operation+0x139
V  [libjvm.dylib+0x7c5320]  _ZN8VMThread4loopEv+0x106
V  [libjvm.dylib+0x7c512d]  _ZN8VMThread3runEv+0x6f
V  [libjvm.dylib+0x770fcc]  _ZN6Thread8call_runEv+0x68
V  [libjvm.dylib+0x62014b]  _ZL19thread_native_entryP6Thread+0x139
C  [libsystem_pthread.dylib+0x64e1]  _pthread_start+0x7d
C  [libsystem_pthread.dylib+0x1f6b]  thread_start+0xf

VM_Operation (0x000000030f26da18): ChangeBreakpoints, mode: safepoint, requested by thread 0x00007fc1ea06f800


---------------  P R O C E S S  ---------------

Threads class SMR info:
_java_thread_list=0x0000600001047180, length=22, elements={
0x00007fc1e8821800, 0x00007fc1ea027000, 0x00007fc1ea85e800, 0x00007fc1ea02c000,
0x00007fc1ea02d000, 0x00007fc1e985a800, 0x00007fc1ea03a800, 0x00007fc1e8940000,
0x00007fc1ea06f800, 0x00007fc1ea072800, 0x00007fc1ea073800, 0x00007fc1ea1e8000,
0x00007fc1e8a9c000, 0x00007fc1e9aab800, 0x00007fc1ea984800, 0x00007fc1e8b63000,
0x00007fc1ea00e800, 0x00007fc1ea990000, 0x00007fc1e8c8b800, 0x00007fc1e8caa800,
0x00007fc1ea3b3800, 0x00007fc1e8d2c800
}

Java Threads: ( => current thread )
  0x00007fc1e8821800 JavaThread "main" [_thread_blocked, id=8707, stack(0x000000030e1ac000,0x000000030e2ac000)]
  0x00007fc1ea027000 JavaThread "Reference Handler" daemon [_thread_blocked, id=16131, stack(0x000000030e8c1000,0x000000030e9c1000)]
  0x00007fc1ea85e800 JavaThread "Finalizer" daemon [_thread_blocked, id=21763, stack(0x000000030e9c4000,0x000000030eac4000)]
  0x00007fc1ea02c000 JavaThread "Signal Dispatcher" daemon [_thread_blocked, id=24067, stack(0x000000030ec5f000,0x000000030ed5f000)]
  0x00007fc1ea02d000 JavaThread "Service Thread" daemon [_thread_blocked, id=41219, stack(0x000000030ed62000,0x000000030ee62000)]
  0x00007fc1e985a800 JavaThread "C1 CompilerThread0" daemon [_thread_blocked, id=40707, stack(0x000000030ee65000,0x000000030ef65000)]
  0x00007fc1ea03a800 JavaThread "Sweeper thread" daemon [_thread_blocked, id=40195, stack(0x000000030ef68000,0x000000030f068000)]
  0x00007fc1e8940000 JavaThread "Common-Cleaner" daemon [_thread_blocked, id=25347, stack(0x000000030f06b000,0x000000030f16b000)]
  0x00007fc1ea06f800 JavaThread "JDWP Transport Listener: dt_socket" daemon [_thread_blocked, id=25603, stack(0x000000030f16e000,0x000000030f26e000)]
  0x00007fc1ea072800 JavaThread "JDWP Event Helper Thread" daemon [_thread_blocked, id=25859, stack(0x000000030f271000,0x000000030f371000)]
  0x00007fc1ea073800 JavaThread "JDWP Command Reader" daemon [_thread_in_native, id=37635, stack(0x000000030f374000,0x000000030f474000)]
  0x00007fc1ea1e8000 JavaThread "RMI TCP Accept-0" daemon [_thread_in_native, id=27651, stack(0x000000030f477000,0x000000030f577000)]
  0x00007fc1e8a9c000 JavaThread "Thread-0" [_thread_blocked, id=29699, stack(0x000000030f883000,0x000000030f983000)]
  0x00007fc1e9aab800 JavaThread "restartedMain" [_thread_blocked, id=35331, stack(0x000000030f986000,0x000000030fa86000)]
  0x00007fc1ea984800 JavaThread "Attach Listener" daemon [_thread_blocked, id=32771, stack(0x000000030fd92000,0x000000030fe92000)]
  0x00007fc1e8b63000 JavaThread "RMI TCP Connection(1)-127.0.0.1" daemon [_thread_in_native, id=85507, stack(0x00000003102a1000,0x00000003103a1000)]
  0x00007fc1ea00e800 JavaThread "RMI Scheduler(0)" daemon [_thread_blocked, id=45315, stack(0x00000003103a4000,0x00000003104a4000)]
  0x00007fc1ea990000 JavaThread "HikariPool-1 housekeeper" daemon [_thread_blocked, id=46495, stack(0x000000030fe95000,0x000000030ff95000)]
  0x00007fc1e8c8b800 JavaThread "Catalina-utility-1" [_thread_blocked, id=83203, stack(0x00000003104a7000,0x00000003105a7000)]
  0x00007fc1e8caa800 JavaThread "Catalina-utility-2" [_thread_blocked, id=47619, stack(0x00000003105aa000,0x00000003106aa000)]
  0x00007fc1ea3b3800 JavaThread "container-0" [_thread_blocked, id=33787, stack(0x00000003106ad000,0x00000003107ad000)]
  0x00007fc1e8d2c800 JavaThread "HikariPool-1 connection adder" daemon [_thread_blocked, id=33879, stack(0x00000003107b0000,0x00000003108b0000)]

Other Threads:
=>0x00007fc1b9008800 VMThread "VM Thread" [stack: 0x000000030e7be000,0x000000030e8be000] [id=14851]
  0x00007fc1e8a95000 WatcherThread [stack: 0x000000030f57a000,0x000000030f67a000] [id=28179]
  0x00007fc1e8833800 GCTaskThread "GC Thread#0" [stack: 0x000000030e2af000,0x000000030e3af000] [id=18435]
  0x00007fc1ea203000 GCTaskThread "GC Thread#1" [stack: 0x000000030f67d000,0x000000030f77d000] [id=28475]
  0x00007fc1ea221800 GCTaskThread "GC Thread#2" [stack: 0x000000030f780000,0x000000030f880000] [id=28675]
  0x00007fc1ea37a000 GCTaskThread "GC Thread#3" [stack: 0x000000030fa89000,0x000000030fb89000] [id=30799]
  0x00007fc1ea37b000 GCTaskThread "GC Thread#4" [stack: 0x000000030fb8c000,0x000000030fc8c000] [id=34819]
  0x00007fc1ea386000 GCTaskThread "GC Thread#5" [stack: 0x000000030fc8f000,0x000000030fd8f000] [id=31491]
  0x00007fc1ea3aa800 GCTaskThread "GC Thread#6" [stack: 0x000000030ff98000,0x0000000310098000] [id=43707]
  0x00007fc1ea3c1800 GCTaskThread "GC Thread#7" [stack: 0x000000031009b000,0x000000031019b000] [id=86787]
  0x00007fc1e8854800 ConcurrentGCThread "G1 Main Marker" [stack: 0x000000030e3b2000,0x000000030e4b2000] [id=12035]
  0x00007fc1e9808800 ConcurrentGCThread "G1 Conc#0" [stack: 0x000000030e4b5000,0x000000030e5b5000] [id=12803]
  0x00007fc1ea3f0000 ConcurrentGCThread "G1 Conc#1" [stack: 0x000000031019e000,0x000000031029e000] [id=86371]
  0x00007fc1ea83b800 ConcurrentGCThread "G1 Refine#0" [stack: 0x000000030e5b8000,0x000000030e6b8000] [id=13059]
  0x00007fc1e8855800 ConcurrentGCThread "G1 Young RemSet Sampling" [stack: 0x000000030e6bb000,0x000000030e7bb000] [id=13571]

Threads with active compile tasks:

VM state:at safepoint (normal execution)

VM Mutex/Monitor currently owned by a thread:  ([mutex/lock_event])
[0x0000600003894100] Threads_lock - owner thread: 0x00007fc1b9008800

Heap address: 0x0000000780000000, size: 2048 MB, Compressed Oops mode: Zero based, Oop shift amount: 3
Narrow klass base: 0x0000000800000000, Narrow klass shift: 0
Compressed class space size: 1073741824 Address: 0x0000000800000000

Heap:
 garbage-first heap   total 189440K, used 66637K [0x0000000780000000, 0x0000000800000000)
  region size 1024K, 51 young (52224K), 9 survivors (9216K)
 Metaspace       used 58323K, capacity 60180K, committed 60296K, reserved 1101824K
  class space    used 7558K, capacity 8309K, committed 8320K, reserved 1048576K
Heap Regions: E=young(eden), S=young(survivor), O=old, HS=humongous(starts), HC=humongous(continues), CS=collection set, F=free, A=archive, TAMS=top-at-mark-start (previous, next)
|   0|0x0000000780000000, 0x0000000780100000, 0x0000000780100000|100%|HS|  |TAMS 0x0000000780100000, 0x0000000780000000| Complete 
|   1|0x0000000780100000, 0x0000000780200000, 0x0000000780200000|100%| O|  |TAMS 0x0000000780200000, 0x0000000780100000| Untracked 
|   2|0x0000000780200000, 0x0000000780300000, 0x0000000780300000|100%| O|  |TAMS 0x0000000780300000, 0x0000000780200000| Untracked 
|   3|0x0000000780300000, 0x0000000780400000, 0x0000000780400000|100%| O|  |TAMS 0x0000000780400000, 0x0000000780300000| Untracked 
|   4|0x0000000780400000, 0x0000000780500000, 0x0000000780500000|100%| O|  |TAMS 0x0000000780500000, 0x0000000780400000| Untracked 
|   5|0x0000000780500000, 0x0000000780600000, 0x0000000780600000|100%| O|  |TAMS 0x0000000780600000, 0x0000000780500000| Untracked 
|   6|0x0000000780600000, 0x0000000780700000, 0x0000000780700000|100%| O|  |TAMS 0x00000007806f5e00, 0x0000000780600000| Untracked 
|   7|0x0000000780700000, 0x0000000780800000, 0x0000000780800000|100%| O|  |TAMS 0x0000000780700000, 0x0000000780700000| Untracked 
|   8|0x0000000780800000, 0x0000000780900000, 0x0000000780900000|100%| O|  |TAMS 0x0000000780800000, 0x0000000780800000| Untracked 
|   9|0x0000000780900000, 0x0000000780a00000, 0x0000000780a00000|100%| O|  |TAMS 0x0000000780900000, 0x0000000780900000| Untracked 
|  10|0x0000000780a00000, 0x0000000780b00000, 0x0000000780b00000|100%| O|  |TAMS 0x0000000780a00000, 0x0000000780a00000| Untracked 
|  11|0x0000000780b00000, 0x0000000780c00000, 0x0000000780c00000|100%| O|  |TAMS 0x0000000780b00000, 0x0000000780b00000| Untracked 
|  12|0x0000000780c00000, 0x0000000780d00000, 0x0000000780d00000|100%| O|  |TAMS 0x0000000780c00000, 0x0000000780c00000| Untracked 
|  13|0x0000000780d00000, 0x0000000780e00000, 0x0000000780e00000|100%| O|  |TAMS 0x0000000780d00000, 0x0000000780d00000| Untracked 
|  14|0x0000000780e00000, 0x0000000780f00000, 0x0000000780f00000|100%| O|  |TAMS 0x0000000780e00000, 0x0000000780e00000| Untracked 
|  15|0x0000000780f00000, 0x0000000780f6f800, 0x0000000781000000| 43%| O|  |TAMS 0x0000000780f00000, 0x0000000780f00000| Untracked 
|  16|0x0000000781000000, 0x0000000781000000, 0x0000000781100000|  0%| F|  |TAMS 0x0000000781000000, 0x0000000781000000| Untracked 
|  17|0x0000000781100000, 0x0000000781100000, 0x0000000781200000|  0%| F|  |TAMS 0x0000000781100000, 0x0000000781100000| Untracked 
|  18|0x0000000781200000, 0x0000000781200000, 0x0000000781300000|  0%| F|  |TAMS 0x0000000781200000, 0x0000000781200000| Untracked 
|  19|0x0000000781300000, 0x0000000781300000, 0x0000000781400000|  0%| F|  |TAMS 0x0000000781300000, 0x0000000781300000| Untracked 
|  20|0x0000000781400000, 0x0000000781400000, 0x0000000781500000|  0%| F|  |TAMS 0x0000000781400000, 0x0000000781400000| Untracked 
|  21|0x0000000781500000, 0x0000000781500000, 0x0000000781600000|  0%| F|  |TAMS 0x0000000781500000, 0x0000000781500000| Untracked 
|  22|0x0000000781600000, 0x0000000781600000, 0x0000000781700000|  0%| F|  |TAMS 0x0000000781600000, 0x0000000781600000| Untracked 
|  23|0x0000000781700000, 0x0000000781700000, 0x0000000781800000|  0%| F|  |TAMS 0x0000000781700000, 0x0000000781700000| Untracked 
|  24|0x0000000781800000, 0x0000000781800000, 0x0000000781900000|  0%| F|  |TAMS 0x0000000781800000, 0x0000000781800000| Untracked 
|  25|0x0000000781900000, 0x0000000781900000, 0x0000000781a00000|  0%| F|  |TAMS 0x0000000781900000, 0x0000000781900000| Untracked 
|  26|0x0000000781a00000, 0x0000000781a00000, 0x0000000781b00000|  0%| F|  |TAMS 0x0000000781a00000, 0x0000000781a00000| Untracked 
|  27|0x0000000781b00000, 0x0000000781b00000, 0x0000000781c00000|  0%| F|  |TAMS 0x0000000781b00000, 0x0000000781b00000| Untracked 
|  28|0x0000000781c00000, 0x0000000781c00000, 0x0000000781d00000|  0%| F|  |TAMS 0x0000000781c00000, 0x0000000781c00000| Untracked 
|  29|0x0000000781d00000, 0x0000000781d00000, 0x0000000781e00000|  0%| F|  |TAMS 0x0000000781d00000, 0x0000000781d00000| Untracked 
|  30|0x0000000781e00000, 0x0000000781e00000, 0x0000000781f00000|  0%| F|  |TAMS 0x0000000781e00000, 0x0000000781e00000| Untracked 
|  31|0x0000000781f00000, 0x0000000781f00000, 0x0000000782000000|  0%| F|  |TAMS 0x0000000781f00000, 0x0000000781f00000| Untracked 
|  32|0x0000000782000000, 0x0000000782000000, 0x0000000782100000|  0%| F|  |TAMS 0x0000000782000000, 0x0000000782000000| Untracked 
|  33|0x0000000782100000, 0x0000000782100000, 0x0000000782200000|  0%| F|  |TAMS 0x0000000782100000, 0x0000000782100000| Untracked 
|  34|0x0000000782200000, 0x0000000782200000, 0x0000000782300000|  0%| F|  |TAMS 0x0000000782200000, 0x0000000782200000| Untracked 
|  35|0x0000000782300000, 0x0000000782300000, 0x0000000782400000|  0%| F|  |TAMS 0x0000000782300000, 0x0000000782300000| Untracked 
|  36|0x0000000782400000, 0x0000000782400000, 0x0000000782500000|  0%| F|  |TAMS 0x0000000782400000, 0x0000000782400000| Untracked 
|  37|0x0000000782500000, 0x0000000782500000, 0x0000000782600000|  0%| F|  |TAMS 0x0000000782500000, 0x0000000782500000| Untracked 
|  38|0x0000000782600000, 0x0000000782600000, 0x0000000782700000|  0%| F|  |TAMS 0x0000000782600000, 0x0000000782600000| Untracked 
|  39|0x0000000782700000, 0x0000000782700000, 0x0000000782800000|  0%| F|  |TAMS 0x0000000782700000, 0x0000000782700000| Untracked 
|  40|0x0000000782800000, 0x0000000782800000, 0x0000000782900000|  0%| F|  |TAMS 0x0000000782800000, 0x0000000782800000| Untracked 
|  41|0x0000000782900000, 0x0000000782900000, 0x0000000782a00000|  0%| F|  |TAMS 0x0000000782900000, 0x0000000782900000| Untracked 
|  42|0x0000000782a00000, 0x0000000782a00000, 0x0000000782b00000|  0%| F|  |TAMS 0x0000000782a00000, 0x0000000782a00000| Untracked 
|  43|0x0000000782b00000, 0x0000000782b00000, 0x0000000782c00000|  0%| F|  |TAMS 0x0000000782b00000, 0x0000000782b00000| Untracked 
|  44|0x0000000782c00000, 0x0000000782c00000, 0x0000000782d00000|  0%| F|  |TAMS 0x0000000782c00000, 0x0000000782c00000| Untracked 
|  45|0x0000000782d00000, 0x0000000782d00000, 0x0000000782e00000|  0%| F|  |TAMS 0x0000000782d00000, 0x0000000782d00000| Untracked 
|  46|0x0000000782e00000, 0x0000000782e00000, 0x0000000782f00000|  0%| F|  |TAMS 0x0000000782e00000, 0x0000000782e00000| Untracked 
|  47|0x0000000782f00000, 0x0000000782f00000, 0x0000000783000000|  0%| F|  |TAMS 0x0000000782f00000, 0x0000000782f00000| Untracked 
|  48|0x0000000783000000, 0x0000000783000000, 0x0000000783100000|  0%| F|  |TAMS 0x0000000783000000, 0x0000000783000000| Untracked 
|  49|0x0000000783100000, 0x0000000783100000, 0x0000000783200000|  0%| F|  |TAMS 0x0000000783100000, 0x0000000783100000| Untracked 
|  50|0x0000000783200000, 0x0000000783200000, 0x0000000783300000|  0%| F|  |TAMS 0x0000000783200000, 0x0000000783200000| Untracked 
|  51|0x0000000783300000, 0x0000000783300000, 0x0000000783400000|  0%| F|  |TAMS 0x0000000783300000, 0x0000000783300000| Untracked 
|  52|0x0000000783400000, 0x0000000783400000, 0x0000000783500000|  0%| F|  |TAMS 0x0000000783400000, 0x0000000783400000| Untracked 
|  53|0x0000000783500000, 0x00000007835a3d80, 0x0000000783600000| 64%| S|CS|TAMS 0x0000000783500000, 0x0000000783500000| Complete 
|  54|0x0000000783600000, 0x0000000783700000, 0x0000000783700000|100%| S|CS|TAMS 0x0000000783600000, 0x0000000783600000| Complete 
|  55|0x0000000783700000, 0x0000000783800000, 0x0000000783800000|100%| S|CS|TAMS 0x0000000783700000, 0x0000000783700000| Complete 
|  56|0x0000000783800000, 0x0000000783800000, 0x0000000783900000|  0%| F|  |TAMS 0x0000000783800000, 0x0000000783800000| Untracked 
|  57|0x0000000783900000, 0x0000000783900000, 0x0000000783a00000|  0%| F|  |TAMS 0x0000000783900000, 0x0000000783900000| Untracked 
|  58|0x0000000783a00000, 0x0000000783a00000, 0x0000000783b00000|  0%| F|  |TAMS 0x0000000783a00000, 0x0000000783a00000| Untracked 
|  59|0x0000000783b00000, 0x0000000783c00000, 0x0000000783c00000|100%| S|CS|TAMS 0x0000000783b00000, 0x0000000783b00000| Complete 
|  60|0x0000000783c00000, 0x0000000783d00000, 0x0000000783d00000|100%| S|CS|TAMS 0x0000000783c00000, 0x0000000783c00000| Complete 
|  61|0x0000000783d00000, 0x0000000783e00000, 0x0000000783e00000|100%| S|CS|TAMS 0x0000000783d00000, 0x0000000783d00000| Complete 
|  62|0x0000000783e00000, 0x0000000783f00000, 0x0000000783f00000|100%| S|CS|TAMS 0x0000000783e00000, 0x0000000783e00000| Complete 
|  63|0x0000000783f00000, 0x0000000784000000, 0x0000000784000000|100%| S|CS|TAMS 0x0000000783f00000, 0x0000000783f00000| Complete 
|  64|0x0000000784000000, 0x0000000784100000, 0x0000000784100000|100%| S|CS|TAMS 0x0000000784000000, 0x0000000784000000| Complete 
|  65|0x0000000784100000, 0x0000000784100000, 0x0000000784200000|  0%| F|  |TAMS 0x0000000784100000, 0x0000000784100000| Untracked 
|  66|0x0000000784200000, 0x0000000784200000, 0x0000000784300000|  0%| F|  |TAMS 0x0000000784200000, 0x0000000784200000| Untracked 
|  67|0x0000000784300000, 0x0000000784300000, 0x0000000784400000|  0%| F|  |TAMS 0x0000000784300000, 0x0000000784300000| Untracked 
|  68|0x0000000784400000, 0x0000000784400000, 0x0000000784500000|  0%| F|  |TAMS 0x0000000784400000, 0x0000000784400000| Untracked 
|  69|0x0000000784500000, 0x0000000784500000, 0x0000000784600000|  0%| F|  |TAMS 0x0000000784500000, 0x0000000784500000| Untracked 
|  70|0x0000000784600000, 0x0000000784600000, 0x0000000784700000|  0%| F|  |TAMS 0x0000000784600000, 0x0000000784600000| Untracked 
|  71|0x0000000784700000, 0x0000000784700000, 0x0000000784800000|  0%| F|  |TAMS 0x0000000784700000, 0x0000000784700000| Untracked 
|  72|0x0000000784800000, 0x0000000784800000, 0x0000000784900000|  0%| F|  |TAMS 0x0000000784800000, 0x0000000784800000| Untracked 
|  73|0x0000000784900000, 0x0000000784900000, 0x0000000784a00000|  0%| F|  |TAMS 0x0000000784900000, 0x0000000784900000| Untracked 
|  74|0x0000000784a00000, 0x0000000784a00000, 0x0000000784b00000|  0%| F|  |TAMS 0x0000000784a00000, 0x0000000784a00000| Untracked 
|  75|0x0000000784b00000, 0x0000000784b00000, 0x0000000784c00000|  0%| F|  |TAMS 0x0000000784b00000, 0x0000000784b00000| Untracked 
|  76|0x0000000784c00000, 0x0000000784c00000, 0x0000000784d00000|  0%| F|  |TAMS 0x0000000784c00000, 0x0000000784c00000| Untracked 
|  77|0x0000000784d00000, 0x0000000784d00000, 0x0000000784e00000|  0%| F|  |TAMS 0x0000000784d00000, 0x0000000784d00000| Untracked 
|  78|0x0000000784e00000, 0x0000000784e00000, 0x0000000784f00000|  0%| F|  |TAMS 0x0000000784e00000, 0x0000000784e00000| Untracked 
|  79|0x0000000784f00000, 0x0000000784f00000, 0x0000000785000000|  0%| F|  |TAMS 0x0000000784f00000, 0x0000000784f00000| Untracked 
|  80|0x0000000785000000, 0x0000000785000000, 0x0000000785100000|  0%| F|  |TAMS 0x0000000785000000, 0x0000000785000000| Untracked 
|  81|0x0000000785100000, 0x0000000785100000, 0x0000000785200000|  0%| F|  |TAMS 0x0000000785100000, 0x0000000785100000| Untracked 
|  82|0x0000000785200000, 0x0000000785200000, 0x0000000785300000|  0%| F|  |TAMS 0x0000000785200000, 0x0000000785200000| Untracked 
|  83|0x0000000785300000, 0x0000000785300000, 0x0000000785400000|  0%| F|  |TAMS 0x0000000785300000, 0x0000000785300000| Untracked 
|  84|0x0000000785400000, 0x0000000785400000, 0x0000000785500000|  0%| F|  |TAMS 0x0000000785400000, 0x0000000785400000| Untracked 
|  85|0x0000000785500000, 0x0000000785500000, 0x0000000785600000|  0%| F|  |TAMS 0x0000000785500000, 0x0000000785500000| Untracked 
|  86|0x0000000785600000, 0x0000000785600000, 0x0000000785700000|  0%| F|  |TAMS 0x0000000785600000, 0x0000000785600000| Untracked 
|  87|0x0000000785700000, 0x0000000785700000, 0x0000000785800000|  0%| F|  |TAMS 0x0000000785700000, 0x0000000785700000| Untracked 
|  88|0x0000000785800000, 0x0000000785800000, 0x0000000785900000|  0%| F|  |TAMS 0x0000000785800000, 0x0000000785800000| Untracked 
|  89|0x0000000785900000, 0x0000000785900000, 0x0000000785a00000|  0%| F|  |TAMS 0x0000000785900000, 0x0000000785900000| Untracked 
|  90|0x0000000785a00000, 0x0000000785a00000, 0x0000000785b00000|  0%| F|  |TAMS 0x0000000785a00000, 0x0000000785a00000| Untracked 
|  91|0x0000000785b00000, 0x0000000785b00000, 0x0000000785c00000|  0%| F|  |TAMS 0x0000000785b00000, 0x0000000785b00000| Untracked 
|  92|0x0000000785c00000, 0x0000000785c00000, 0x0000000785d00000|  0%| F|  |TAMS 0x0000000785c00000, 0x0000000785c00000| Untracked 
|  93|0x0000000785d00000, 0x0000000785d00000, 0x0000000785e00000|  0%| F|  |TAMS 0x0000000785d00000, 0x0000000785d00000| Untracked 
|  94|0x0000000785e00000, 0x0000000785e00000, 0x0000000785f00000|  0%| F|  |TAMS 0x0000000785e00000, 0x0000000785e00000| Untracked 
|  95|0x0000000785f00000, 0x0000000785f00000, 0x0000000786000000|  0%| F|  |TAMS 0x0000000785f00000, 0x0000000785f00000| Untracked 
|  96|0x0000000786000000, 0x0000000786000000, 0x0000000786100000|  0%| F|  |TAMS 0x0000000786000000, 0x0000000786000000| Untracked 
|  97|0x0000000786100000, 0x0000000786100000, 0x0000000786200000|  0%| F|  |TAMS 0x0000000786100000, 0x0000000786100000| Untracked 
|  98|0x0000000786200000, 0x0000000786200000, 0x0000000786300000|  0%| F|  |TAMS 0x0000000786200000, 0x0000000786200000| Untracked 
|  99|0x0000000786300000, 0x0000000786300000, 0x0000000786400000|  0%| F|  |TAMS 0x0000000786300000, 0x0000000786300000| Untracked 
| 100|0x0000000786400000, 0x0000000786400000, 0x0000000786500000|  0%| F|  |TAMS 0x0000000786400000, 0x0000000786400000| Untracked 
| 101|0x0000000786500000, 0x0000000786500000, 0x0000000786600000|  0%| F|  |TAMS 0x0000000786500000, 0x0000000786500000| Untracked 
| 102|0x0000000786600000, 0x0000000786600000, 0x0000000786700000|  0%| F|  |TAMS 0x0000000786600000, 0x0000000786600000| Untracked 
| 103|0x0000000786700000, 0x0000000786700000, 0x0000000786800000|  0%| F|  |TAMS 0x0000000786700000, 0x0000000786700000| Untracked 
| 104|0x0000000786800000, 0x0000000786800000, 0x0000000786900000|  0%| F|  |TAMS 0x0000000786800000, 0x0000000786800000| Untracked 
| 105|0x0000000786900000, 0x0000000786900000, 0x0000000786a00000|  0%| F|  |TAMS 0x0000000786900000, 0x0000000786900000| Untracked 
| 106|0x0000000786a00000, 0x0000000786a00000, 0x0000000786b00000|  0%| F|  |TAMS 0x0000000786a00000, 0x0000000786a00000| Untracked 
| 107|0x0000000786b00000, 0x0000000786b00000, 0x0000000786c00000|  0%| F|  |TAMS 0x0000000786b00000, 0x0000000786b00000| Untracked 
| 108|0x0000000786c00000, 0x0000000786c00000, 0x0000000786d00000|  0%| F|  |TAMS 0x0000000786c00000, 0x0000000786c00000| Untracked 
| 109|0x0000000786d00000, 0x0000000786d00000, 0x0000000786e00000|  0%| F|  |TAMS 0x0000000786d00000, 0x0000000786d00000| Untracked 
| 110|0x0000000786e00000, 0x0000000786e00000, 0x0000000786f00000|  0%| F|  |TAMS 0x0000000786e00000, 0x0000000786e00000| Untracked 
| 111|0x0000000786f00000, 0x0000000786f00000, 0x0000000787000000|  0%| F|  |TAMS 0x0000000786f00000, 0x0000000786f00000| Untracked 
| 112|0x0000000787000000, 0x0000000787000000, 0x0000000787100000|  0%| F|  |TAMS 0x0000000787000000, 0x0000000787000000| Untracked 
| 113|0x0000000787100000, 0x0000000787100000, 0x0000000787200000|  0%| F|  |TAMS 0x0000000787100000, 0x0000000787100000| Untracked 
| 114|0x0000000787200000, 0x0000000787200000, 0x0000000787300000|  0%| F|  |TAMS 0x0000000787200000, 0x0000000787200000| Untracked 
| 115|0x0000000787300000, 0x0000000787300000, 0x0000000787400000|  0%| F|  |TAMS 0x0000000787300000, 0x0000000787300000| Untracked 
| 116|0x0000000787400000, 0x0000000787400000, 0x0000000787500000|  0%| F|  |TAMS 0x0000000787400000, 0x0000000787400000| Untracked 
| 117|0x0000000787500000, 0x0000000787500000, 0x0000000787600000|  0%| F|  |TAMS 0x0000000787500000, 0x0000000787500000| Untracked 
| 118|0x0000000787600000, 0x0000000787600000, 0x0000000787700000|  0%| F|  |TAMS 0x0000000787600000, 0x0000000787600000| Untracked 
| 119|0x0000000787700000, 0x0000000787700000, 0x0000000787800000|  0%| F|  |TAMS 0x0000000787700000, 0x0000000787700000| Untracked 
| 120|0x0000000787800000, 0x0000000787800000, 0x0000000787900000|  0%| F|  |TAMS 0x0000000787800000, 0x0000000787800000| Untracked 
| 121|0x0000000787900000, 0x0000000787900000, 0x0000000787a00000|  0%| F|  |TAMS 0x0000000787900000, 0x0000000787900000| Untracked 
| 122|0x0000000787a00000, 0x0000000787a00000, 0x0000000787b00000|  0%| F|  |TAMS 0x0000000787a00000, 0x0000000787a00000| Untracked 
| 123|0x0000000787b00000, 0x0000000787b00000, 0x0000000787c00000|  0%| F|  |TAMS 0x0000000787b00000, 0x0000000787b00000| Untracked 
| 124|0x0000000787c00000, 0x0000000787c00000, 0x0000000787d00000|  0%| F|  |TAMS 0x0000000787c00000, 0x0000000787c00000| Untracked 
| 125|0x0000000787d00000, 0x0000000787d00000, 0x0000000787e00000|  0%| F|  |TAMS 0x0000000787d00000, 0x0000000787d00000| Untracked 
| 126|0x0000000787e00000, 0x0000000787e00000, 0x0000000787f00000|  0%| F|  |TAMS 0x0000000787e00000, 0x0000000787e00000| Untracked 
| 127|0x0000000787f00000, 0x0000000787f00000, 0x0000000788000000|  0%| F|  |TAMS 0x0000000787f00000, 0x0000000787f00000| Untracked 
| 128|0x0000000788000000, 0x0000000788000000, 0x0000000788100000|  0%| F|  |TAMS 0x0000000788000000, 0x0000000788000000| Untracked 
| 129|0x0000000788100000, 0x0000000788100000, 0x0000000788200000|  0%| F|  |TAMS 0x0000000788100000, 0x0000000788100000| Untracked 
| 130|0x0000000788200000, 0x0000000788200000, 0x0000000788300000|  0%| F|  |TAMS 0x0000000788200000, 0x0000000788200000| Untracked 
| 131|0x0000000788300000, 0x0000000788300000, 0x0000000788400000|  0%| F|  |TAMS 0x0000000788300000, 0x0000000788300000| Untracked 
| 132|0x0000000788400000, 0x0000000788400000, 0x0000000788500000|  0%| F|  |TAMS 0x0000000788400000, 0x0000000788400000| Untracked 
| 133|0x0000000788500000, 0x0000000788500000, 0x0000000788600000|  0%| F|  |TAMS 0x0000000788500000, 0x0000000788500000| Untracked 
| 134|0x0000000788600000, 0x0000000788600000, 0x0000000788700000|  0%| F|  |TAMS 0x0000000788600000, 0x0000000788600000| Untracked 
| 135|0x0000000788700000, 0x0000000788700000, 0x0000000788800000|  0%| F|  |TAMS 0x0000000788700000, 0x0000000788700000| Untracked 
| 136|0x0000000788800000, 0x0000000788800000, 0x0000000788900000|  0%| F|  |TAMS 0x0000000788800000, 0x0000000788800000| Untracked 
| 137|0x0000000788900000, 0x0000000788900000, 0x0000000788a00000|  0%| F|  |TAMS 0x0000000788900000, 0x0000000788900000| Untracked 
| 138|0x0000000788a00000, 0x0000000788a00000, 0x0000000788b00000|  0%| F|  |TAMS 0x0000000788a00000, 0x0000000788a00000| Untracked 
| 139|0x0000000788b00000, 0x0000000788b00000, 0x0000000788c00000|  0%| F|  |TAMS 0x0000000788b00000, 0x0000000788b00000| Untracked 
| 140|0x0000000788c00000, 0x0000000788c00000, 0x0000000788d00000|  0%| F|  |TAMS 0x0000000788c00000, 0x0000000788c00000| Untracked 
| 141|0x0000000788d00000, 0x0000000788d00000, 0x0000000788e00000|  0%| F|  |TAMS 0x0000000788d00000, 0x0000000788d00000| Untracked 
| 142|0x0000000788e00000, 0x0000000788e00000, 0x0000000788f00000|  0%| F|  |TAMS 0x0000000788e00000, 0x0000000788e00000| Untracked 
| 143|0x0000000788f00000, 0x0000000788f80800, 0x0000000789000000| 50%| E|  |TAMS 0x0000000788f00000, 0x0000000788f00000| Complete 
| 144|0x0000000789000000, 0x0000000789100000, 0x0000000789100000|100%| E|CS|TAMS 0x0000000789000000, 0x0000000789000000| Complete 
| 145|0x0000000789100000, 0x0000000789200000, 0x0000000789200000|100%| E|CS|TAMS 0x0000000789100000, 0x0000000789100000| Complete 
| 146|0x0000000789200000, 0x0000000789300000, 0x0000000789300000|100%| E|CS|TAMS 0x0000000789200000, 0x0000000789200000| Complete 
| 147|0x0000000789300000, 0x0000000789400000, 0x0000000789400000|100%| E|CS|TAMS 0x0000000789300000, 0x0000000789300000| Complete 
| 148|0x0000000789400000, 0x0000000789500000, 0x0000000789500000|100%| E|CS|TAMS 0x0000000789400000, 0x0000000789400000| Complete 
| 149|0x0000000789500000, 0x0000000789600000, 0x0000000789600000|100%| E|CS|TAMS 0x0000000789500000, 0x0000000789500000| Complete 
| 150|0x0000000789600000, 0x0000000789700000, 0x0000000789700000|100%| E|CS|TAMS 0x0000000789600000, 0x0000000789600000| Complete 
| 151|0x0000000789700000, 0x0000000789800000, 0x0000000789800000|100%| E|CS|TAMS 0x0000000789700000, 0x0000000789700000| Complete 
| 152|0x0000000789800000, 0x0000000789900000, 0x0000000789900000|100%| E|CS|TAMS 0x0000000789800000, 0x0000000789800000| Complete 
| 153|0x0000000789900000, 0x0000000789a00000, 0x0000000789a00000|100%| E|CS|TAMS 0x0000000789900000, 0x0000000789900000| Complete 
| 154|0x0000000789a00000, 0x0000000789b00000, 0x0000000789b00000|100%| E|CS|TAMS 0x0000000789a00000, 0x0000000789a00000| Complete 
| 155|0x0000000789b00000, 0x0000000789c00000, 0x0000000789c00000|100%| E|CS|TAMS 0x0000000789b00000, 0x0000000789b00000| Complete 
| 156|0x0000000789c00000, 0x0000000789d00000, 0x0000000789d00000|100%| E|CS|TAMS 0x0000000789c00000, 0x0000000789c00000| Complete 
| 157|0x0000000789d00000, 0x0000000789e00000, 0x0000000789e00000|100%| E|CS|TAMS 0x0000000789d00000, 0x0000000789d00000| Complete 
| 158|0x0000000789e00000, 0x0000000789f00000, 0x0000000789f00000|100%| E|CS|TAMS 0x0000000789e00000, 0x0000000789e00000| Complete 
| 159|0x0000000789f00000, 0x000000078a000000, 0x000000078a000000|100%| E|CS|TAMS 0x0000000789f00000, 0x0000000789f00000| Complete 
| 160|0x000000078a000000, 0x000000078a100000, 0x000000078a100000|100%| E|CS|TAMS 0x000000078a000000, 0x000000078a000000| Complete 
| 161|0x000000078a100000, 0x000000078a200000, 0x000000078a200000|100%| E|CS|TAMS 0x000000078a100000, 0x000000078a100000| Complete 
| 162|0x000000078a200000, 0x000000078a300000, 0x000000078a300000|100%| E|CS|TAMS 0x000000078a200000, 0x000000078a200000| Complete 
| 163|0x000000078a300000, 0x000000078a400000, 0x000000078a400000|100%| E|CS|TAMS 0x000000078a300000, 0x000000078a300000| Complete 
| 164|0x000000078a400000, 0x000000078a500000, 0x000000078a500000|100%| E|CS|TAMS 0x000000078a400000, 0x000000078a400000| Complete 
| 165|0x000000078a500000, 0x000000078a600000, 0x000000078a600000|100%| E|CS|TAMS 0x000000078a500000, 0x000000078a500000| Complete 
| 166|0x000000078a600000, 0x000000078a700000, 0x000000078a700000|100%| E|CS|TAMS 0x000000078a600000, 0x000000078a600000| Complete 
| 167|0x000000078a700000, 0x000000078a800000, 0x000000078a800000|100%| E|CS|TAMS 0x000000078a700000, 0x000000078a700000| Complete 
| 168|0x000000078a800000, 0x000000078a900000, 0x000000078a900000|100%| E|CS|TAMS 0x000000078a800000, 0x000000078a800000| Complete 
| 169|0x000000078a900000, 0x000000078aa00000, 0x000000078aa00000|100%| E|CS|TAMS 0x000000078a900000, 0x000000078a900000| Complete 
| 170|0x000000078aa00000, 0x000000078ab00000, 0x000000078ab00000|100%| E|CS|TAMS 0x000000078aa00000, 0x000000078aa00000| Complete 
| 171|0x000000078ab00000, 0x000000078ac00000, 0x000000078ac00000|100%| E|CS|TAMS 0x000000078ab00000, 0x000000078ab00000| Complete 
| 172|0x000000078ac00000, 0x000000078ad00000, 0x000000078ad00000|100%| E|CS|TAMS 0x000000078ac00000, 0x000000078ac00000| Complete 
| 173|0x000000078ad00000, 0x000000078ae00000, 0x000000078ae00000|100%| E|CS|TAMS 0x000000078ad00000, 0x000000078ad00000| Complete 
| 174|0x000000078ae00000, 0x000000078af00000, 0x000000078af00000|100%| E|CS|TAMS 0x000000078ae00000, 0x000000078ae00000| Complete 
| 175|0x000000078af00000, 0x000000078b000000, 0x000000078b000000|100%| E|CS|TAMS 0x000000078af00000, 0x000000078af00000| Complete 
| 176|0x000000078b000000, 0x000000078b100000, 0x000000078b100000|100%| E|CS|TAMS 0x000000078b000000, 0x000000078b000000| Complete 
| 177|0x000000078b100000, 0x000000078b200000, 0x000000078b200000|100%| E|CS|TAMS 0x000000078b100000, 0x000000078b100000| Complete 
| 178|0x000000078b200000, 0x000000078b300000, 0x000000078b300000|100%| E|CS|TAMS 0x000000078b200000, 0x000000078b200000| Complete 
| 179|0x000000078b300000, 0x000000078b400000, 0x000000078b400000|100%| E|CS|TAMS 0x000000078b300000, 0x000000078b300000| Complete 
| 180|0x000000078b400000, 0x000000078b500000, 0x000000078b500000|100%| E|CS|TAMS 0x000000078b400000, 0x000000078b400000| Complete 
| 181|0x000000078b500000, 0x000000078b600000, 0x000000078b600000|100%| E|CS|TAMS 0x000000078b500000, 0x000000078b500000| Complete 
| 182|0x000000078b600000, 0x000000078b700000, 0x000000078b700000|100%| E|CS|TAMS 0x000000078b600000, 0x000000078b600000| Complete 
| 183|0x000000078b700000, 0x000000078b800000, 0x000000078b800000|100%| E|CS|TAMS 0x000000078b700000, 0x000000078b700000| Complete 
| 184|0x000000078b800000, 0x000000078b900000, 0x000000078b900000|100%| E|CS|TAMS 0x000000078b800000, 0x000000078b800000| Complete 

Card table byte_map: [0x000000010dd0a000,0x000000010e10a000] _byte_map_base: 0x000000010a10a000

Marking Bits (Prev, Next): (CMBitMap*) 0x00007fc1e884ba18, (CMBitMap*) 0x00007fc1e884ba50
 Prev Bits: [0x0000000127fdb000, 0x0000000129fdb000)
 Next Bits: [0x0000000129fdb000, 0x000000012bfdb000)

Polling page: 0x0000000104e65000

Metaspace:

Usage:
  Non-class:     50.66 MB capacity,    49.58 MB ( 98%) used,   888.71 KB (  2%) free+waste,   216.81 KB ( <1%) overhead. 
      Class:      8.11 MB capacity,     7.38 MB ( 91%) used,   645.91 KB (  8%) free+waste,   104.88 KB (  1%) overhead. 
       Both:     58.77 MB capacity,    56.96 MB ( 97%) used,     1.50 MB (  3%) free+waste,   321.69 KB ( <1%) overhead. 

Virtual space:
  Non-class space:       52.00 MB reserved,      50.76 MB ( 98%) committed 
      Class space:        1.00 GB reserved,       8.12 MB ( <1%) committed 
             Both:        1.05 GB reserved,      58.88 MB (  5%) committed 

Chunk freelists:
   Non-Class:  73.00 KB
       Class:  11.00 KB
        Both:  84.00 KB

MaxMetaspaceSize: unlimited
CompressedClassSpaceSize: 1.00 GB

CodeHeap 'non-profiled nmethods': size=238384Kb used=8553Kb max_used=8553Kb free=229830Kb
 bounds [0x000000011930f000, 0x0000000119b6f000, 0x0000000127bdb000]
CodeHeap 'non-nmethods': size=7376Kb used=1271Kb max_used=1271Kb free=6104Kb
 bounds [0x0000000118bdb000, 0x0000000118e4b000, 0x000000011930f000]
 total_blobs=5807 nmethods=5220 adapters=522
 compilation: enabled
              stopped_count=0, restarted_count=0
 full_count=0

Compilation events (20 events):
Event: 6.699 Thread 0x00007fc1e985a800 5209       1       sun.reflect.generics.parser.SignatureParser::parseMethodTypeSignature (41 bytes)
Event: 6.699 Thread 0x00007fc1e985a800 nmethod 5209 0x0000000119b5c710 code [0x0000000119b5c920, 0x0000000119b5cdc0]
Event: 6.699 Thread 0x00007fc1e985a800 5210       1       sun.reflect.generics.parser.SignatureParser::parseFormalParameters (47 bytes)
Event: 6.699 Thread 0x00007fc1e985a800 nmethod 5210 0x0000000119b5cf90 code [0x0000000119b5d1a0, 0x0000000119b5d380]
Event: 6.704 Thread 0x00007fc1e985a800 5213       1       org.springframework.context.annotation.CommonAnnotationBeanPostProcessor::postProcessBeforeInstantiation (2 bytes)
Event: 6.704 Thread 0x00007fc1e985a800 nmethod 5213 0x0000000119b5d510 code [0x0000000119b5d6c0, 0x0000000119b5d770]
Event: 6.706 Thread 0x00007fc1e985a800 5214   !   1       com.sun.proxy.$Proxy61::annotationType (29 bytes)
Event: 6.706 Thread 0x00007fc1e985a800 nmethod 5214 0x0000000119b5d810 code [0x0000000119b5d9e0, 0x0000000119b5dbf0]
Event: 6.706 Thread 0x00007fc1e985a800 5215       1       org.springframework.beans.factory.support.DefaultListableBeanFactory::getBeanNamesForType (101 bytes)
Event: 6.706 Thread 0x00007fc1e985a800 nmethod 5215 0x0000000119b5dd90 code [0x0000000119b5dfa0, 0x0000000119b5e480]
Event: 6.711 Thread 0x00007fc1e985a800 5216   !   1       com.sun.proxy.$Proxy55::annotationType (29 bytes)
Event: 6.712 Thread 0x00007fc1e985a800 nmethod 5216 0x0000000119b5e710 code [0x0000000119b5e8e0, 0x0000000119b5eaf0]
Event: 6.718 Thread 0x00007fc1e985a800 5217       1       java.util.regex.Pattern::escape (1323 bytes)
Event: 6.722 Thread 0x00007fc1e985a800 nmethod 5217 0x0000000119b5ec90 code [0x0000000119b5f4e0, 0x0000000119b649b0]
Event: 6.725 Thread 0x00007fc1e985a800 5218   !   1       org.springframework.aop.aspectj.annotation.BeanFactoryAspectJAdvisorsBuilder::buildAspectJAdvisors (494 bytes)
Event: 6.727 Thread 0x00007fc1e985a800 nmethod 5218 0x0000000119b65d10 code [0x0000000119b66160, 0x0000000119b679f0]
Event: 6.727 Thread 0x00007fc1e985a800 5219       1       org.springframework.core.ResolvableType::hasGenerics (14 bytes)
Event: 6.727 Thread 0x00007fc1e985a800 nmethod 5219 0x0000000119b68c10 code [0x0000000119b68dc0, 0x0000000119b68ec0]
Event: 6.756 Thread 0x00007fc1e985a800 5220       1       java.util.Arrays::sort (47 bytes)
Event: 6.756 Thread 0x00007fc1e985a800 nmethod 5220 0x0000000119b68f90 code [0x0000000119b69160, 0x0000000119b69310]

GC Heap History (18 events):
Event: 1.468 GC heap before
{Heap before GC invocations=0 (full 0):
 garbage-first heap   total 131072K, used 24576K [0x0000000780000000, 0x0000000800000000)
  region size 1024K, 24 young (24576K), 0 survivors (0K)
 Metaspace       used 13279K, capacity 13675K, committed 13824K, reserved 1060864K
  class space    used 1361K, capacity 1497K, committed 1536K, reserved 1048576K
}
Event: 1.477 GC heap after
{Heap after GC invocations=1 (full 0):
 garbage-first heap   total 131072K, used 7149K [0x0000000780000000, 0x0000000800000000)
  region size 1024K, 3 young (3072K), 3 survivors (3072K)
 Metaspace       used 13279K, capacity 13675K, committed 13824K, reserved 1060864K
  class space    used 1361K, capacity 1497K, committed 1536K, reserved 1048576K
}
Event: 1.936 GC heap before
{Heap before GC invocations=1 (full 0):
 garbage-first heap   total 131072K, used 80877K [0x0000000780000000, 0x0000000800000000)
  region size 1024K, 76 young (77824K), 3 survivors (3072K)
 Metaspace       used 18023K, capacity 18539K, committed 18688K, reserved 1064960K
  class space    used 1992K, capacity 2193K, committed 2304K, reserved 1048576K
}
Event: 1.946 GC heap after
{Heap after GC invocations=2 (full 0):
 garbage-first heap   total 131072K, used 8638K [0x0000000780000000, 0x0000000800000000)
  region size 1024K, 5 young (5120K), 5 survivors (5120K)
 Metaspace       used 18023K, capacity 18539K, committed 18688K, reserved 1064960K
  class space    used 1992K, capacity 2193K, committed 2304K, reserved 1048576K
}
Event: 2.171 GC heap before
{Heap before GC invocations=2 (full 0):
 garbage-first heap   total 131072K, used 29118K [0x0000000780000000, 0x0000000800000000)
  region size 1024K, 26 young (26624K), 5 survivors (5120K)
 Metaspace       used 20461K, capacity 21094K, committed 21296K, reserved 1069056K
  class space    used 2360K, capacity 2605K, committed 2688K, reserved 1048576K
}
Event: 2.182 GC heap after
{Heap after GC invocations=3 (full 0):
 garbage-first heap   total 131072K, used 9567K [0x0000000780000000, 0x0000000800000000)
  region size 1024K, 6 young (6144K), 6 survivors (6144K)
 Metaspace       used 20461K, capacity 21094K, committed 21296K, reserved 1069056K
  class space    used 2360K, capacity 2605K, committed 2688K, reserved 1048576K
}
Event: 2.631 GC heap before
{Heap before GC invocations=4 (full 0):
 garbage-first heap   total 131072K, used 80223K [0x0000000780000000, 0x0000000800000000)
  region size 1024K, 76 young (77824K), 6 survivors (6144K)
 Metaspace       used 26066K, capacity 26943K, committed 27184K, reserved 1073152K
  class space    used 3075K, capacity 3417K, committed 3456K, reserved 1048576K
}
Event: 2.644 GC heap after
{Heap after GC invocations=5 (full 0):
 garbage-first heap   total 131072K, used 11501K [0x0000000780000000, 0x0000000800000000)
  region size 1024K, 8 young (8192K), 8 survivors (8192K)
 Metaspace       used 26066K, capacity 26943K, committed 27184K, reserved 1073152K
  class space    used 3075K, capacity 3417K, committed 3456K, reserved 1048576K
}
Event: 3.373 GC heap before
{Heap before GC invocations=5 (full 0):
 garbage-first heap   total 131072K, used 80109K [0x0000000780000000, 0x0000000800000000)
  region size 1024K, 76 young (77824K), 8 survivors (8192K)
 Metaspace       used 29402K, capacity 30541K, committed 30896K, reserved 1077248K
  class space    used 3562K, capacity 3998K, committed 4096K, reserved 1048576K
}
Event: 3.393 GC heap after
{Heap after GC invocations=6 (full 0):
 garbage-first heap   total 157696K, used 13252K [0x0000000780000000, 0x0000000800000000)
  region size 1024K, 6 young (6144K), 6 survivors (6144K)
 Metaspace       used 29402K, capacity 30541K, committed 30896K, reserved 1077248K
  class space    used 3562K, capacity 3998K, committed 4096K, reserved 1048576K
}
Event: 4.029 GC heap before
{Heap before GC invocations=6 (full 0):
 garbage-first heap   total 157696K, used 65476K [0x0000000780000000, 0x0000000800000000)
  region size 1024K, 58 young (59392K), 6 survivors (6144K)
 Metaspace       used 34463K, capacity 35776K, committed 35920K, reserved 1081344K
  class space    used 4285K, capacity 4817K, committed 4864K, reserved 1048576K
}
Event: 4.042 GC heap after
{Heap after GC invocations=7 (full 0):
 garbage-first heap   total 157696K, used 16116K [0x0000000780000000, 0x0000000800000000)
  region size 1024K, 9 young (9216K), 9 survivors (9216K)
 Metaspace       used 34463K, capacity 35776K, committed 35920K, reserved 1081344K
  class space    used 4285K, capacity 4817K, committed 4864K, reserved 1048576K
}
Event: 4.275 GC heap before
{Heap before GC invocations=8 (full 0):
 garbage-first heap   total 157696K, used 95988K [0x0000000780000000, 0x0000000800000000)
  region size 1024K, 88 young (90112K), 9 survivors (9216K)
 Metaspace       used 36330K, capacity 37662K, committed 37968K, reserved 1083392K
  class space    used 4475K, capacity 5019K, committed 5120K, reserved 1048576K
}
Event: 4.284 GC heap after
{Heap after GC invocations=9 (full 0):
 garbage-first heap   total 157696K, used 17504K [0x0000000780000000, 0x0000000800000000)
  region size 1024K, 7 young (7168K), 7 survivors (7168K)
 Metaspace       used 36330K, capacity 37662K, committed 37968K, reserved 1083392K
  class space    used 4475K, capacity 5019K, committed 5120K, reserved 1048576K
}
Event: 5.481 GC heap before
{Heap before GC invocations=9 (full 0):
 garbage-first heap   total 157696K, used 100448K [0x0000000780000000, 0x0000000800000000)
  region size 1024K, 89 young (91136K), 7 survivors (7168K)
 Metaspace       used 45119K, capacity 46661K, committed 46928K, reserved 1089536K
  class space    used 5683K, capacity 6310K, committed 6400K, reserved 1048576K
}
Event: 5.491 GC heap after
{Heap after GC invocations=10 (full 0):
 garbage-first heap   total 157696K, used 21033K [0x0000000780000000, 0x0000000800000000)
  region size 1024K, 9 young (9216K), 9 survivors (9216K)
 Metaspace       used 45119K, capacity 46661K, committed 46928K, reserved 1089536K
  class space    used 5683K, capacity 6310K, committed 6400K, reserved 1048576K
}
Event: 6.410 GC heap before
{Heap before GC invocations=10 (full 0):
 garbage-first heap   total 157696K, used 105001K [0x0000000780000000, 0x0000000800000000)
  region size 1024K, 92 young (94208K), 9 survivors (9216K)
 Metaspace       used 55890K, capacity 57648K, committed 57936K, reserved 1099776K
  class space    used 7219K, capacity 7921K, committed 7936K, reserved 1048576K
}
Event: 6.417 GC heap after
{Heap after GC invocations=11 (full 0):
 garbage-first heap   total 189440K, used 24653K [0x0000000780000000, 0x0000000800000000)
  region size 1024K, 9 young (9216K), 9 survivors (9216K)
 Metaspace       used 55890K, capacity 57648K, committed 57936K, reserved 1099776K
  class space    used 7219K, capacity 7921K, committed 7936K, reserved 1048576K
}

Deoptimization events (20 events):
Event: 6.723 Thread 0x00007fc1e9aab800 DEOPT PACKING pc=0x000000011995af3c sp=0x000000030fa81c80
Event: 6.723 Thread 0x00007fc1e9aab800 DEOPT UNPACKING pc=0x0000000118c1132b sp=0x000000030fa811b8 mode 1
Event: 6.723 Thread 0x00007fc1e9aab800 DEOPT PACKING pc=0x00000001196aa54c sp=0x000000030fa81bb0
Event: 6.723 Thread 0x00007fc1e9aab800 DEOPT UNPACKING pc=0x0000000118c1132b sp=0x000000030fa810c0 mode 1
Event: 6.723 Thread 0x00007fc1e9aab800 DEOPT PACKING pc=0x000000011995af3c sp=0x000000030fa81c80
Event: 6.723 Thread 0x00007fc1e9aab800 DEOPT UNPACKING pc=0x0000000118c1132b sp=0x000000030fa811b8 mode 1
Event: 6.724 Thread 0x00007fc1e9aab800 DEOPT PACKING pc=0x00000001196aa54c sp=0x000000030fa81bd0
Event: 6.724 Thread 0x00007fc1e9aab800 DEOPT UNPACKING pc=0x0000000118c1132b sp=0x000000030fa810e0 mode 1
Event: 6.724 Thread 0x00007fc1e9aab800 DEOPT PACKING pc=0x000000011995af3c sp=0x000000030fa81ca0
Event: 6.724 Thread 0x00007fc1e9aab800 DEOPT UNPACKING pc=0x0000000118c1132b sp=0x000000030fa811d8 mode 1
Event: 6.724 Thread 0x00007fc1e9aab800 DEOPT PACKING pc=0x00000001196aa54c sp=0x000000030fa81c70
Event: 6.724 Thread 0x00007fc1e9aab800 DEOPT UNPACKING pc=0x0000000118c1132b sp=0x000000030fa81180 mode 1
Event: 6.724 Thread 0x00007fc1e9aab800 DEOPT PACKING pc=0x000000011995af3c sp=0x000000030fa81d40
Event: 6.724 Thread 0x00007fc1e9aab800 DEOPT UNPACKING pc=0x0000000118c1132b sp=0x000000030fa81278 mode 1
Event: 6.763 Thread 0x00007fc1e9aab800 DEOPT PACKING pc=0x00000001196b8ed1 sp=0x000000030fa7fae0
Event: 6.763 Thread 0x00007fc1e9aab800 DEOPT UNPACKING pc=0x0000000118c1132b sp=0x000000030fa7efc8 mode 1
Event: 6.763 Thread 0x00007fc1e9aab800 DEOPT PACKING pc=0x00000001196b85e4 sp=0x000000030fa7fb60
Event: 6.763 Thread 0x00007fc1e9aab800 DEOPT UNPACKING pc=0x0000000118c1132b sp=0x000000030fa7f028 mode 1
Event: 6.763 Thread 0x00007fc1e9aab800 DEOPT PACKING pc=0x00000001196b72ac sp=0x000000030fa7fbc0
Event: 6.763 Thread 0x00007fc1e9aab800 DEOPT UNPACKING pc=0x0000000118c1132b sp=0x000000030fa7f130 mode 1

Classes redefined (0 events):
No events

Internal exceptions (20 events):
Event: 6.308 Thread 0x00007fc1e9aab800 Exception <a 'java/lang/ClassNotFoundException'{0x0000000785131d98}: com/app/thingsilove/core/user/receipt/ReceiptCustomizer> (0x0000000785131d98) thrown at [./src/hotspot/share/classfile/systemDictionary.cpp, line 231]
Event: 6.313 Thread 0x00007fc1e9aab800 Exception <a 'java/lang/ClassNotFoundException'{0x0000000785169fc8}: java/lang/ObjectCustomizer> (0x0000000785169fc8) thrown at [./src/hotspot/share/classfile/systemDictionary.cpp, line 231]
Event: 6.313 Thread 0x00007fc1e9aab800 Exception <a 'java/lang/ClassNotFoundException'{0x0000000785187770}: com/app/thingsilove/core/common/CreatedUpdateDateTimeCustomizer> (0x0000000785187770) thrown at [./src/hotspot/share/classfile/systemDictionary.cpp, line 231]
Event: 6.338 Thread 0x00007fc1e9aab800 Exception <a 'java/lang/IncompatibleClassChangeError'{0x0000000784fe00f8}: Found class java.lang.Object, but interface was expected> (0x0000000784fe00f8) thrown at [./src/hotspot/share/interpreter/linkResolver.cpp, line 839]
Event: 6.396 Thread 0x00007fc1e9aab800 Exception <a 'java/lang/reflect/InvocationTargetException'{0x0000000784131530}> (0x0000000784131530) thrown at [./src/hotspot/share/runtime/reflection.cpp, line 1247]
Event: 6.406 Thread 0x00007fc1e9aab800 Exception <a 'java/lang/NoSuchMethodError'{0x00000007841c3560}: 'java.lang.Object java.lang.invoke.DirectMethodHandle$Holder.invokeStatic(java.lang.Object, java.lang.Object, int, java.lang.Object)'> (0x00000007841c3560) thrown at [./src/hotspot/share/interpreter/linkResolver.cpp, line 773]
Event: 6.406 Thread 0x00007fc1e9aab800 Exception <a 'java/lang/NoSuchMethodError'{0x00000007841c9f90}: 'java.lang.Object java.lang.invoke.Invokers$Holder.linkToTargetMethod(java.lang.Object, int, java.lang.Object)'> (0x00000007841c9f90) thrown at [./src/hotspot/share/interpreter/linkResolver.cpp, line 773]
Event: 6.420 Thread 0x00007fc1e9aab800 Exception <a 'java/lang/IncompatibleClassChangeError'{0x000000078b804060}: Found class java.lang.Object, but interface was expected> (0x000000078b804060) thrown at [./src/hotspot/share/interpreter/linkResolver.cpp, line 839]
Event: 6.466 Thread 0x00007fc1e9aab800 Exception <a 'java/lang/reflect/InvocationTargetException'{0x000000078b1615b0}> (0x000000078b1615b0) thrown at [./src/hotspot/share/runtime/reflection.cpp, line 1247]
Event: 6.661 Thread 0x00007fc1e9aab800 Exception <a 'java/lang/ClassNotFoundException'{0x00000007899ca1d8}: java/lang/ObjectCustomizer> (0x00000007899ca1d8) thrown at [./src/hotspot/share/classfile/systemDictionary.cpp, line 231]
Event: 6.664 Thread 0x00007fc1e9aab800 Exception <a 'java/lang/ClassNotFoundException'{0x00000007899ed038}: org/springframework/security/config/annotation/authentication/configuration/AuthenticationConfigurationCustomizer> (0x00000007899ed038) thrown at [./src/hotspot/share/classfile/systemDictionary.cpp, line 231]
Event: 6.687 Thread 0x00007fc1e8b63000 Exception <a 'java/lang/reflect/InvocationTargetException'{0x0000000789600278}> (0x0000000789600278) thrown at [./src/hotspot/share/runtime/reflection.cpp, line 1247]
Event: 6.693 Thread 0x00007fc1e9aab800 Exception <a 'java/lang/ClassNotFoundException'{0x0000000789611550}: java/lang/ObjectCustomizer> (0x0000000789611550) thrown at [./src/hotspot/share/classfile/systemDictionary.cpp, line 231]
Event: 6.695 Thread 0x00007fc1e9aab800 Exception <a 'java/lang/ClassNotFoundException'{0x00000007896323c0}: org/springframework/security/config/annotation/web/configuration/WebSecurityConfigurationCustomizer> (0x00000007896323c0) thrown at [./src/hotspot/share/classfile/systemDictionary.cpp, line 231]
Event: 6.698 Thread 0x00007fc1e9aab800 Exception <a 'java/lang/ClassNotFoundException'{0x0000000789652258}: org/springframework/context/annotation/ImportAwareCustomizer> (0x0000000789652258) thrown at [./src/hotspot/share/classfile/systemDictionary.cpp, line 231]
Event: 6.698 Thread 0x00007fc1e9aab800 Exception <a 'java/lang/ClassNotFoundException'{0x0000000789667f88}: org/springframework/beans/factory/AwareCustomizer> (0x0000000789667f88) thrown at [./src/hotspot/share/classfile/systemDictionary.cpp, line 231]
Event: 6.698 Thread 0x00007fc1e9aab800 Exception <a 'java/lang/ClassNotFoundException'{0x000000078967fd88}: org/springframework/beans/factory/BeanClassLoaderAwareCustomizer> (0x000000078967fd88) thrown at [./src/hotspot/share/classfile/systemDictionary.cpp, line 231]
Event: 6.699 Thread 0x00007fc1e9aab800 Exception <a 'java/lang/ClassNotFoundException'{0x0000000789695d10}: org/springframework/beans/factory/AwareCustomizer> (0x0000000789695d10) thrown at [./src/hotspot/share/classfile/systemDictionary.cpp, line 231]
Event: 6.705 Thread 0x00007fc1e9aab800 Exception <a 'java/lang/ClassNotFoundException'{0x00000007896b2b58}: java/lang/ObjectCustomizer> (0x00000007896b2b58) thrown at [./src/hotspot/share/classfile/systemDictionary.cpp, line 231]
Event: 6.705 Thread 0x00007fc1e9aab800 Exception <a 'java/lang/ClassNotFoundException'{0x00000007896d4498}: org/springframework/security/config/annotation/web/configuration/HttpSecurityConfigurationCustomizer> (0x00000007896d4498) thrown at [./src/hotspot/share/classfile/systemDictionary.cpp, line 231]

Events (20 events):
Event: 6.758 loading class org/springframework/security/web/DefaultSecurityFilterChain done
Event: 6.759 loading class org/springframework/security/config/annotation/web/configurers/openid/OpenIDLoginConfigurer
Event: 6.759 loading class org/springframework/security/config/annotation/web/configurers/openid/OpenIDLoginConfigurer done
Event: 6.759 loading class org/springframework/security/config/annotation/web/configurers/ExpressionUrlAuthorizationConfigurer$ExpressionInterceptUrlRegistry
Event: 6.759 loading class org/springframework/security/config/annotation/web/configurers/ExpressionUrlAuthorizationConfigurer$ExpressionInterceptUrlRegistry done
Event: 6.759 loading class org/springframework/security/config/annotation/web/configurers/AbstractInterceptUrlConfigurer$AbstractInterceptUrlRegistry
Event: 6.759 loading class org/springframework/security/config/annotation/web/configurers/AbstractInterceptUrlConfigurer$AbstractInterceptUrlRegistry done
Event: 6.759 loading class org/springframework/security/config/annotation/web/configurers/AbstractConfigAttributeRequestMatcherRegistry
Event: 6.759 loading class org/springframework/security/config/annotation/web/configurers/AbstractConfigAttributeRequestMatcherRegistry done
Event: 6.759 loading class org/springframework/security/config/annotation/web/configurers/saml2/Saml2LogoutConfigurer
Event: 6.759 loading class org/springframework/security/config/annotation/web/configurers/saml2/Saml2LogoutConfigurer done
Event: 6.760 loading class org/springframework/security/config/annotation/web/configurers/oauth2/client/OAuth2LoginConfigurer
Event: 6.760 loading class org/springframework/security/config/annotation/web/configurers/oauth2/client/OAuth2LoginConfigurer done
Event: 6.760 loading class org/springframework/security/config/annotation/web/configurers/oauth2/client/OAuth2ClientConfigurer
Event: 6.760 loading class org/springframework/security/config/annotation/web/configurers/oauth2/client/OAuth2ClientConfigurer done
Event: 6.760 loading class org/springframework/security/config/annotation/web/configurers/oauth2/server/resource/OAuth2ResourceServerConfigurer
Event: 6.760 loading class org/springframework/security/config/annotation/web/configurers/oauth2/server/resource/OAuth2ResourceServerConfigurer done
Event: 6.761 loading class org/springframework/security/config/annotation/web/configurers/ChannelSecurityConfigurer$ChannelRequestMatcherRegistry
Event: 6.761 loading class org/springframework/security/config/annotation/web/configurers/ChannelSecurityConfigurer$ChannelRequestMatcherRegistry done
Event: 6.870 Executing VM operation: ChangeBreakpoints


Dynamic libraries:
0x000000010d494000 	/Library/Java/JavaVirtualMachines/adoptopenjdk-11.jdk/Contents/Home/lib/jli/libjli.dylib
0x00007ff824af4000 	/System/Library/Frameworks/Cocoa.framework/Versions/A/Cocoa
0x00007ff8101e0000 	/System/Library/Frameworks/AppKit.framework/Versions/C/AppKit
0x00007ff813751000 	/System/Library/Frameworks/CoreData.framework/Versions/A/CoreData
0x00007ff80e5e4000 	/System/Library/Frameworks/Foundation.framework/Versions/C/Foundation
0x00007ff8189cb000 	/usr/lib/libSystem.B.dylib
0x00007ff81106f000 	/System/Library/PrivateFrameworks/UIFoundation.framework/Versions/A/UIFoundation
0x00007ff81e9f8000 	/System/Library/PrivateFrameworks/RemoteViewServices.framework/Versions/A/RemoteViewServices
0x00007ff816c97000 	/System/Library/PrivateFrameworks/XCTTargetBootstrap.framework/Versions/A/XCTTargetBootstrap
0x00007ff81a890000 	/System/Library/PrivateFrameworks/InternationalSupport.framework/Versions/A/InternationalSupport
0x00007ff81a91a000 	/System/Library/PrivateFrameworks/UserActivity.framework/Versions/A/UserActivity
0x00007ff819c74000 	/usr/lib/libspindump.dylib
0x00007ff8112fd000 	/System/Library/Frameworks/UniformTypeIdentifiers.framework/Versions/A/UniformTypeIdentifiers
0x00007ff8153bf000 	/usr/lib/libapp_launch_measurement.dylib
0x00007ff814132000 	/System/Library/PrivateFrameworks/CoreAnalytics.framework/Versions/A/CoreAnalytics
0x00007ff8153c2000 	/System/Library/PrivateFrameworks/CoreAutoLayout.framework/Versions/A/CoreAutoLayout
0x00007ff8165f1000 	/System/Library/Frameworks/Metal.framework/Versions/A/Metal
0x00007ff81731d000 	/usr/lib/liblangid.dylib
0x00007ff816c9c000 	/System/Library/PrivateFrameworks/CoreSVG.framework/Versions/A/CoreSVG
0x00007ff8126e8000 	/System/Library/PrivateFrameworks/SkyLight.framework/Versions/A/SkyLight
0x00007ff812a86000 	/System/Library/Frameworks/CoreGraphics.framework/Versions/A/CoreGraphics
0x00007ff81f0b8000 	/System/Library/Frameworks/Accelerate.framework/Versions/A/Accelerate
0x00007ff8196f3000 	/System/Library/PrivateFrameworks/IconServices.framework/Versions/A/IconServices
0x00007ff8165d6000 	/System/Library/Frameworks/IOSurface.framework/Versions/A/IOSurface
0x00007ff814160000 	/usr/lib/libDiagnosticMessagesClient.dylib
0x00007ff8188e5000 	/usr/lib/libz.1.dylib
0x00007ff822798000 	/System/Library/Frameworks/ApplicationServices.framework/Versions/A/ApplicationServices
0x00007ff816c83000 	/System/Library/PrivateFrameworks/DFRFoundation.framework/Versions/A/DFRFoundation
0x00007ff80fac8000 	/usr/lib/libicucore.A.dylib
0x00007ff81b685000 	/System/Library/Frameworks/AudioToolbox.framework/Versions/A/AudioToolbox
0x00007ff81a89c000 	/System/Library/PrivateFrameworks/DataDetectorsCore.framework/Versions/A/DataDetectorsCore
0x00007ff916994000 	/System/Library/PrivateFrameworks/TextInput.framework/Versions/A/TextInput
0x00007ff81266b000 	/usr/lib/libMobileGestalt.dylib
0x00007ff81698f000 	/System/Library/Frameworks/Carbon.framework/Versions/A/Frameworks/HIToolbox.framework/Versions/A/HIToolbox
0x00007ff814dc5000 	/System/Library/Frameworks/QuartzCore.framework/Versions/A/QuartzCore
0x00007ff80f76d000 	/System/Library/Frameworks/Security.framework/Versions/A/Security
0x00007ff81ea30000 	/System/Library/Frameworks/Carbon.framework/Versions/A/Frameworks/SpeechRecognition.framework/Versions/A/SpeechRecognition
0x00007ff81511f000 	/System/Library/PrivateFrameworks/CoreUI.framework/Versions/A/CoreUI
0x00007ff80f038000 	/System/Library/Frameworks/CoreAudio.framework/Versions/A/CoreAudio
0x00007ff81424f000 	/System/Library/Frameworks/DiskArbitration.framework/Versions/A/DiskArbitration
0x00007ff81a060000 	/System/Library/PrivateFrameworks/MultitouchSupport.framework/Versions/A/MultitouchSupport
0x00007ff81266a000 	/usr/lib/libenergytrace.dylib
0x00007ff8100cc000 	/System/Library/Frameworks/IOKit.framework/Versions/A/IOKit
0x00007ff81ee20000 	/System/Library/Frameworks/CoreServices.framework/Versions/A/CoreServices
0x00007ff815359000 	/System/Library/PrivateFrameworks/PerformanceAnalysis.framework/Versions/A/PerformanceAnalysis
0x00007ffa265c5000 	/System/Library/Frameworks/OpenGL.framework/Versions/A/OpenGL
0x00007ff817f01000 	/System/Library/PrivateFrameworks/MobileKeyBag.framework/Versions/A/MobileKeyBag
0x00007ff80d672000 	/usr/lib/libobjc.A.dylib
0x00007ff8131b0000 	/System/Library/Frameworks/ColorSync.framework/Versions/A/ColorSync
0x00007ff80d82c000 	/System/Library/Frameworks/CoreFoundation.framework/Versions/A/CoreFoundation
0x00007ff816f13000 	/System/Library/Frameworks/CoreImage.framework/Versions/A/CoreImage
0x00007ff80ee4c000 	/System/Library/Frameworks/CoreText.framework/Versions/A/CoreText
0x00007ff816ccc000 	/System/Library/Frameworks/ImageIO.framework/Versions/A/ImageIO
0x00007ff8189d1000 	/System/Library/PrivateFrameworks/SoftLinking.framework/Versions/A/SoftLinking
0x00007ff81540a000 	/usr/lib/libxml2.2.dylib
0x00007ff80d738000 	/usr/lib/libc++.1.dylib
0x00007ff818c52000 	/usr/lib/libcompression.dylib
0x00007ff81a7c3000 	/System/Library/PrivateFrameworks/TextureIO.framework/Versions/A/TextureIO
0x00007ff81936c000 	/usr/lib/libate.dylib
0x00007ff8189c6000 	/usr/lib/system/libcache.dylib
0x00007ff818982000 	/usr/lib/system/libcommonCrypto.dylib
0x00007ff8189ab000 	/usr/lib/system/libcompiler_rt.dylib
0x00007ff8189a1000 	/usr/lib/system/libcopyfile.dylib
0x00007ff80d56d000 	/usr/lib/system/libcorecrypto.dylib
0x00007ff80d62b000 	/usr/lib/system/libdispatch.dylib
0x00007ff80d7eb000 	/usr/lib/system/libdyld.dylib
0x00007ff8189bd000 	/usr/lib/system/libkeymgr.dylib
0x00007ff818960000 	/usr/lib/system/libmacho.dylib
0x00007ff817fdb000 	/usr/lib/system/libquarantine.dylib
0x00007ff8189bb000 	/usr/lib/system/libremovefile.dylib
0x00007ff8126b8000 	/usr/lib/system/libsystem_asl.dylib
0x00007ff80d516000 	/usr/lib/system/libsystem_blocks.dylib
0x00007ff80d6af000 	/usr/lib/system/libsystem_c.dylib
0x00007ff8189b3000 	/usr/lib/system/libsystem_collections.dylib
0x00007ff81730d000 	/usr/lib/system/libsystem_configuration.dylib
0x00007ff8165b9000 	/usr/lib/system/libsystem_containermanager.dylib
0x00007ff818692000 	/usr/lib/system/libsystem_coreservices.dylib
0x00007ff80fd5c000 	/usr/lib/system/libsystem_darwin.dylib
0x00007ff8189be000 	/usr/lib/system/libsystem_dnssd.dylib
0x00007ff80d6ac000 	/usr/lib/system/libsystem_featureflags.dylib
0x00007ff80d801000 	/usr/lib/system/libsystem_info.dylib
0x00007ff8188f8000 	/usr/lib/system/libsystem_m.dylib
0x00007ff80d5ff000 	/usr/lib/system/libsystem_malloc.dylib
0x00007ff812653000 	/usr/lib/system/libsystem_networkextension.dylib
0x00007ff810182000 	/usr/lib/system/libsystem_notify.dylib
0x00007ff81ecf5000 	/usr/lib/system/libsystem_product_info_filter.dylib
0x00007ff817311000 	/usr/lib/system/libsystem_sandbox.dylib
0x00007ff8189b8000 	/usr/lib/system/libsystem_secinit.dylib
0x00007ff80d7a7000 	/usr/lib/system/libsystem_kernel.dylib
0x00007ff80d7f7000 	/usr/lib/system/libsystem_platform.dylib
0x00007ff80d7df000 	/usr/lib/system/libsystem_pthread.dylib
0x00007ff813f72000 	/usr/lib/system/libsystem_symptoms.dylib
0x00007ff80d554000 	/usr/lib/system/libsystem_trace.dylib
0x00007ff81898e000 	/usr/lib/system/libunwind.dylib
0x00007ff80d518000 	/usr/lib/system/libxpc.dylib
0x00007ff80d791000 	/usr/lib/libc++abi.dylib
0x00007ff818999000 	/usr/lib/liboah.dylib
0x00007ff81912a000 	/usr/lib/liblzma.5.dylib
0x00007ff80e2f3000 	/System/Library/Frameworks/SystemConfiguration.framework/Versions/A/SystemConfiguration
0x00007ff8189cd000 	/usr/lib/libfakelink.dylib
0x00007ff8121c4000 	/System/Library/Frameworks/CFNetwork.framework/Versions/A/CFNetwork
0x00007ff818b0e000 	/usr/lib/libarchive.2.dylib
0x00007ff817319000 	/System/Library/PrivateFrameworks/AppleSystemInfo.framework/Versions/A/AppleSystemInfo
0x00007ff818002000 	/usr/lib/libbsm.0.dylib
0x00007ff8117d3000 	/usr/lib/libnetwork.dylib
0x00007ff818966000 	/usr/lib/system/libkxld.dylib
0x00007ff817c35000 	/System/Library/PrivateFrameworks/IOMobileFramebuffer.framework/Versions/A/IOMobileFramebuffer
0x00007ffb25989000 	/usr/lib/libCoreEntitlements.dylib
0x00007ff818674000 	/System/Library/PrivateFrameworks/AppleFSCompression.framework/Versions/A/AppleFSCompression
0x00007ff817fea000 	/usr/lib/libcoretls.dylib
0x00007ff819144000 	/usr/lib/libcoretls_cfhelpers.dylib
0x00007ff818c4d000 	/usr/lib/libpam.2.dylib
0x00007ff813b95000 	/usr/lib/libsqlite3.dylib
0x00007ff8191b3000 	/usr/lib/libxar.1.dylib
0x00007ff818684000 	/usr/lib/libbz2.1.0.dylib
0x00007ff8189d2000 	/usr/lib/libpcap.A.dylib
0x00007ff813f6a000 	/usr/lib/libdns_services.dylib
0x00007ff818c20000 	/usr/lib/libapple_nghttp2.dylib
0x00007ff818a0c000 	/usr/lib/libiconv.2.dylib
0x00007ff81895f000 	/usr/lib/libcharset.1.dylib
0x00007ff81538d000 	/System/Library/Frameworks/CoreServices.framework/Versions/A/Frameworks/FSEvents.framework/Versions/A/FSEvents
0x00007ff80fd66000 	/System/Library/Frameworks/CoreServices.framework/Versions/A/Frameworks/CarbonCore.framework/Versions/A/CarbonCore
0x00007ff8141b3000 	/System/Library/Frameworks/CoreServices.framework/Versions/A/Frameworks/Metadata.framework/Versions/A/Metadata
0x00007ff818697000 	/System/Library/Frameworks/CoreServices.framework/Versions/A/Frameworks/OSServices.framework/Versions/A/OSServices
0x00007ff818b95000 	/System/Library/Frameworks/CoreServices.framework/Versions/A/Frameworks/SearchKit.framework/Versions/A/SearchKit
0x00007ff813efd000 	/System/Library/Frameworks/CoreServices.framework/Versions/A/Frameworks/AE.framework/Versions/A/AE
0x00007ff80dd2d000 	/System/Library/Frameworks/CoreServices.framework/Versions/A/Frameworks/LaunchServices.framework/Versions/A/LaunchServices
0x00007ff8190db000 	/System/Library/Frameworks/CoreServices.framework/Versions/A/Frameworks/DictionaryServices.framework/Versions/A/DictionaryServices
0x00007ff81539a000 	/System/Library/Frameworks/CoreServices.framework/Versions/A/Frameworks/SharedFileList.framework/Versions/A/SharedFileList
0x00007ff817fde000 	/usr/lib/libCheckFix.dylib
0x00007ff8126cf000 	/System/Library/PrivateFrameworks/TCC.framework/Versions/A/TCC
0x00007ff81731f000 	/System/Library/PrivateFrameworks/CoreNLP.framework/Versions/A/CoreNLP
0x00007ff814163000 	/System/Library/PrivateFrameworks/MetadataUtilities.framework/Versions/A/MetadataUtilities
0x00007ff80e3a7000 	/usr/lib/libmecabra.dylib
0x00007ff818012000 	/usr/lib/libmecab.dylib
0x00007ff80e372000 	/usr/lib/libCRFSuite.dylib
0x00007ff81806c000 	/usr/lib/libgermantok.dylib
0x00007ff818bfb000 	/usr/lib/libThaiTokenizer.dylib
0x00007ff814256000 	/System/Library/Frameworks/Accelerate.framework/Versions/A/Frameworks/vImage.framework/Versions/A/vImage
0x00007ff81edf7000 	/System/Library/Frameworks/Accelerate.framework/Versions/A/Frameworks/vecLib.framework/Versions/A/vecLib
0x00007ff8191f4000 	/System/Library/Frameworks/Accelerate.framework/Versions/A/Frameworks/vecLib.framework/Versions/A/libvMisc.dylib
0x00007ff817a34000 	/System/Library/Frameworks/Accelerate.framework/Versions/A/Frameworks/vecLib.framework/Versions/A/libvDSP.dylib
0x00007ff80e0ab000 	/System/Library/Frameworks/Accelerate.framework/Versions/A/Frameworks/vecLib.framework/Versions/A/libBLAS.dylib
0x00007ff818d30000 	/System/Library/Frameworks/Accelerate.framework/Versions/A/Frameworks/vecLib.framework/Versions/A/libLAPACK.dylib
0x00007ff81806f000 	/System/Library/Frameworks/Accelerate.framework/Versions/A/Frameworks/vecLib.framework/Versions/A/libLinearAlgebra.dylib
0x00007ff818c38000 	/System/Library/Frameworks/Accelerate.framework/Versions/A/Frameworks/vecLib.framework/Versions/A/libSparseBLAS.dylib
0x00007ff818d2a000 	/System/Library/Frameworks/Accelerate.framework/Versions/A/Frameworks/vecLib.framework/Versions/A/libQuadrature.dylib
0x00007ff81740a000 	/System/Library/Frameworks/Accelerate.framework/Versions/A/Frameworks/vecLib.framework/Versions/A/libBNNS.dylib
0x00007ff80e27d000 	/System/Library/Frameworks/Accelerate.framework/Versions/A/Frameworks/vecLib.framework/Versions/A/libSparse.dylib
0x00007ff817403000 	/System/Library/PrivateFrameworks/LinguisticData.framework/Versions/A/LinguisticData
0x00007ff80e233000 	/System/Library/PrivateFrameworks/Lexicon.framework/Versions/A/Lexicon
0x00007ff8191ed000 	/usr/lib/libChineseTokenizer.dylib
0x00007ff80e9a1000 	/System/Library/PrivateFrameworks/LanguageModeling.framework/Versions/A/LanguageModeling
0x00007ff818bfd000 	/System/Library/PrivateFrameworks/AppleSauce.framework/Versions/A/AppleSauce
0x00007ff817c23000 	/System/Library/PrivateFrameworks/CoreEmoji.framework/Versions/A/CoreEmoji
0x00007ff818afd000 	/usr/lib/libcmph.dylib
0x00007ff815371000 	/System/Library/Frameworks/OpenDirectory.framework/Versions/A/Frameworks/CFOpenDirectory.framework/Versions/A/CFOpenDirectory
0x00007ff815365000 	/System/Library/Frameworks/OpenDirectory.framework/Versions/A/OpenDirectory
0x00007ff819146000 	/System/Library/PrivateFrameworks/APFS.framework/Versions/A/APFS
0x00007ff817f39000 	/System/Library/Frameworks/SecurityFoundation.framework/Versions/A/SecurityFoundation
0x00007ff8191c1000 	/usr/lib/libutil.dylib
0x00007ff810090000 	/System/Library/PrivateFrameworks/CoreServicesStore.framework/Versions/A/CoreServicesStore
0x00007ff8191c5000 	/usr/lib/libxslt.1.dylib
0x00007ff817fc6000 	/System/Library/PrivateFrameworks/BackgroundTaskManagement.framework/Versions/A/BackgroundTaskManagement
0x00007ff81a6e4000 	/System/Library/Frameworks/ImageIO.framework/Versions/A/Resources/libRadiance.dylib
0x00007ff81a6ed000 	/System/Library/Frameworks/ImageIO.framework/Versions/A/Resources/libJPEG.dylib
0x00007ff81a63f000 	/System/Library/Frameworks/ImageIO.framework/Versions/A/Resources/libPng.dylib
0x00007ff81a660000 	/System/Library/Frameworks/ImageIO.framework/Versions/A/Resources/libTIFF.dylib
0x00007ff81a74c000 	/System/Library/Frameworks/ImageIO.framework/Versions/A/Resources/libGIF.dylib
0x00007ff819f7c000 	/System/Library/Frameworks/ImageIO.framework/Versions/A/Resources/libJP2.dylib
0x00007ff8196ba000 	/usr/lib/libexpat.1.dylib
0x00007ff819f31000 	/System/Library/PrivateFrameworks/AppleJPEG.framework/Versions/A/AppleJPEG
0x00007ff816853000 	/System/Library/PrivateFrameworks/FontServices.framework/libFontParser.dylib
0x00007ff813ea7000 	/System/Library/PrivateFrameworks/RunningBoardServices.framework/Versions/A/RunningBoardServices
0x00007ff8250af000 	/System/Library/PrivateFrameworks/IOSurfaceAccelerator.framework/Versions/A/IOSurfaceAccelerator
0x00007ff81a05c000 	/System/Library/PrivateFrameworks/WatchdogClient.framework/Versions/A/WatchdogClient
0x00007ff80ea8f000 	/System/Library/Frameworks/CoreDisplay.framework/Versions/A/CoreDisplay
0x00007ff816751000 	/System/Library/Frameworks/CoreMedia.framework/Versions/A/CoreMedia
0x00007ff8165e8000 	/System/Library/PrivateFrameworks/IOAccelerator.framework/Versions/A/IOAccelerator
0x00007ff8154ee000 	/System/Library/Frameworks/CoreVideo.framework/Versions/A/CoreVideo
0x00007ff818c4b000 	/System/Library/Frameworks/MetalPerformanceShaders.framework/Versions/A/MetalPerformanceShaders
0x00007ff81a099000 	/System/Library/Frameworks/VideoToolbox.framework/Versions/A/VideoToolbox
0x00007ff813df1000 	/System/Library/PrivateFrameworks/BaseBoard.framework/Versions/A/BaseBoard
0x00007ff813b7b000 	/System/Library/PrivateFrameworks/ProtocolBuffer.framework/Versions/A/ProtocolBuffer
0x00007ff81a6dd000 	/System/Library/PrivateFrameworks/GPUWrangler.framework/Versions/A/GPUWrangler
0x00007ff81a6c1000 	/System/Library/PrivateFrameworks/IOPresentment.framework/Versions/A/IOPresentment
0x00007ff81a6e7000 	/System/Library/PrivateFrameworks/DSExternalDisplay.framework/Versions/A/DSExternalDisplay
0x00007ffa265b9000 	/System/Library/Frameworks/OpenGL.framework/Versions/A/Libraries/libCoreFSCache.dylib
0x00007ffb130ad000 	/System/Library/PrivateFrameworks/GPUCompiler.framework/Versions/31001/Libraries/libGPUCompilerUtils.dylib
0x00007ff81a751000 	/System/Library/PrivateFrameworks/CMCaptureCore.framework/Versions/A/CMCaptureCore
0x00007ff819c62000 	/System/Library/PrivateFrameworks/AppServerSupport.framework/Versions/A/AppServerSupport
0x00007ff81bf1d000 	/System/Library/PrivateFrameworks/perfdata.framework/Versions/A/perfdata
0x00007ff80ebbb000 	/System/Library/PrivateFrameworks/AudioToolboxCore.framework/Versions/A/AudioToolboxCore
0x00007ff81672f000 	/System/Library/PrivateFrameworks/caulk.framework/Versions/A/caulk
0x00007ff81b82f000 	/usr/lib/libAudioStatistics.dylib
0x00007ff913137000 	/System/Library/PrivateFrameworks/SystemPolicy.framework/Versions/A/SystemPolicy
0x00007ff81ba8a000 	/usr/lib/libSMC.dylib
0x00007ff8249a7000 	/System/Library/Frameworks/CoreMIDI.framework/Versions/A/CoreMIDI
0x00007ff81a60e000 	/usr/lib/libAudioToolboxUtility.dylib
0x00007ff90f36c000 	/System/Library/PrivateFrameworks/OSAServicesClient.framework/Versions/A/OSAServicesClient
0x00007ff81bf2a000 	/usr/lib/libperfcheck.dylib
0x00007ff913be1000 	/usr/lib/libmis.dylib
0x00007ffa26614000 	/System/Library/Frameworks/OpenGL.framework/Versions/A/Libraries/libGLU.dylib
0x00007ffa265d8000 	/System/Library/Frameworks/OpenGL.framework/Versions/A/Libraries/libGFXShared.dylib
0x00007ffa267e1000 	/System/Library/Frameworks/OpenGL.framework/Versions/A/Libraries/libGL.dylib
0x00007ffa265e1000 	/System/Library/Frameworks/OpenGL.framework/Versions/A/Libraries/libGLImage.dylib
0x00007ffa265d5000 	/System/Library/Frameworks/OpenGL.framework/Versions/A/Libraries/libCVMSPluginSupport.dylib
0x00007ffa265c0000 	/System/Library/Frameworks/OpenGL.framework/Versions/A/Libraries/libCoreVMClient.dylib
0x00007ff81729b000 	/System/Library/Frameworks/MetalPerformanceShaders.framework/Versions/A/Frameworks/MPSCore.framework/Versions/A/MPSCore
0x00007ff8185df000 	/System/Library/Frameworks/MetalPerformanceShaders.framework/Versions/A/Frameworks/MPSImage.framework/Versions/A/MPSImage
0x00007ff818085000 	/System/Library/Frameworks/MetalPerformanceShaders.framework/Versions/A/Frameworks/MPSNeuralNetwork.framework/Versions/A/MPSNeuralNetwork
0x00007ff8184f9000 	/System/Library/Frameworks/MetalPerformanceShaders.framework/Versions/A/Frameworks/MPSMatrix.framework/Versions/A/MPSMatrix
0x00007ff8182b4000 	/System/Library/Frameworks/MetalPerformanceShaders.framework/Versions/A/Frameworks/MPSRayIntersector.framework/Versions/A/MPSRayIntersector
0x00007ff818531000 	/System/Library/Frameworks/MetalPerformanceShaders.framework/Versions/A/Frameworks/MPSNDArray.framework/Versions/A/MPSNDArray
0x00007ffa2b7db000 	/System/Library/Frameworks/MetalPerformanceShaders.framework/Versions/A/Frameworks/MPSFunctions.framework/Versions/A/MPSFunctions
0x00007ff80df84000 	/System/Library/PrivateFrameworks/MetalTools.framework/Versions/A/MetalTools
0x00007ff817317000 	/System/Library/PrivateFrameworks/AggregateDictionary.framework/Versions/A/AggregateDictionary
0x00007ff81949c000 	/usr/lib/libIOReport.dylib
0x00007ffa27bf0000 	/System/Library/Frameworks/OpenCL.framework/Versions/A/OpenCL
0x00007ff819800000 	/System/Library/PrivateFrameworks/FaceCore.framework/Versions/A/FaceCore
0x00007ff8197f1000 	/System/Library/PrivateFrameworks/GraphVisualizer.framework/Versions/A/GraphVisualizer
0x00007ffb12fb8000 	/System/Library/PrivateFrameworks/FontServices.framework/Versions/A/FontServices
0x00007ff819c1a000 	/System/Library/PrivateFrameworks/OTSVG.framework/Versions/A/OTSVG
0x00007ff8150d5000 	/System/Library/Frameworks/ApplicationServices.framework/Versions/A/Frameworks/ATS.framework/Versions/A/Resources/libFontRegistry.dylib
0x00007ff819c6a000 	/System/Library/PrivateFrameworks/FontServices.framework/libhvf.dylib
0x00007ffb12fb9000 	/System/Library/PrivateFrameworks/FontServices.framework/libXTFontStaticRegistryData.dylib
0x00007ff81966a000 	/System/Library/PrivateFrameworks/AppleVA.framework/Versions/A/AppleVA
0x00007ff81b84f000 	/System/Library/Frameworks/ApplicationServices.framework/Versions/A/Frameworks/ATS.framework/Versions/A/ATS
0x00007ff8132ae000 	/System/Library/Frameworks/ApplicationServices.framework/Versions/A/Frameworks/HIServices.framework/Versions/A/HIServices
0x00007ff81a75b000 	/System/Library/Frameworks/ApplicationServices.framework/Versions/A/Frameworks/PrintCore.framework/Versions/A/PrintCore
0x00007ff81bbdd000 	/System/Library/Frameworks/ApplicationServices.framework/Versions/A/Frameworks/QD.framework/Versions/A/QD
0x00007ff81bbd5000 	/System/Library/Frameworks/ApplicationServices.framework/Versions/A/Frameworks/ColorSyncLegacy.framework/Versions/A/ColorSyncLegacy
0x00007ff81b83f000 	/System/Library/Frameworks/ApplicationServices.framework/Versions/A/Frameworks/SpeechSynthesis.framework/Versions/A/SpeechSynthesis
0x00007ff81a71c000 	/System/Library/Frameworks/ApplicationServices.framework/Versions/A/Frameworks/ATSUI.framework/Versions/A/ATSUI
0x00007ff81bb6a000 	/usr/lib/libcups.2.dylib
0x00007ff81bf39000 	/System/Library/Frameworks/Kerberos.framework/Versions/A/Kerberos
0x00007ff81bf48000 	/System/Library/Frameworks/GSS.framework/Versions/A/GSS
0x00007ff81b8bb000 	/usr/lib/libresolv.9.dylib
0x00007ff819c79000 	/System/Library/PrivateFrameworks/Heimdal.framework/Versions/A/Heimdal
0x00007ff822b2a000 	/System/Library/Frameworks/Kerberos.framework/Versions/A/Libraries/libHeimdalProxy.dylib
0x00007ff813f7a000 	/System/Library/Frameworks/Network.framework/Versions/A/Network
0x00007ff8196d4000 	/usr/lib/libheimdal-asn1.dylib
0x00007ff81bf93000 	/System/Library/PrivateFrameworks/CommonAuth.framework/Versions/A/CommonAuth
0x00007ff81b7c1000 	/System/Library/PrivateFrameworks/AudioSession.framework/Versions/A/AudioSession
0x00007ff819764000 	/System/Library/PrivateFrameworks/MediaExperience.framework/Versions/A/MediaExperience
0x00007ff81b654000 	/System/Library/PrivateFrameworks/AudioSession.framework/libSessionUtility.dylib
0x00007ff81bbe9000 	/System/Library/PrivateFrameworks/AudioResourceArbitration.framework/Versions/A/AudioResourceArbitration
0x00007ff81fc6a000 	/System/Library/PrivateFrameworks/PowerLog.framework/Versions/A/PowerLog
0x00007ff8196dd000 	/System/Library/PrivateFrameworks/IconFoundation.framework/Versions/A/IconFoundation
0x00007ff81ea20000 	/System/Library/PrivateFrameworks/SpeechRecognitionCore.framework/Versions/A/SpeechRecognitionCore
0x00007ffa18844000 	/System/Library/CoreServices/Encodings/libKoreanConverter.dylib
0x000000010e28e000 	/Library/Java/JavaVirtualMachines/adoptopenjdk-11.jdk/Contents/Home/lib/server/libjvm.dylib
0x000000010d572000 	/Library/Java/JavaVirtualMachines/adoptopenjdk-11.jdk/Contents/Home/lib/libverify.dylib
0x000000010d597000 	/Library/Java/JavaVirtualMachines/adoptopenjdk-11.jdk/Contents/Home/lib/libjava.dylib
0x000000010d504000 	/Library/Java/JavaVirtualMachines/adoptopenjdk-11.jdk/Contents/Home/lib/libjimage.dylib
0x000000010d63a000 	/Library/Java/JavaVirtualMachines/adoptopenjdk-11.jdk/Contents/Home/lib/libjdwp.dylib
0x000000010d60e000 	/Library/Java/JavaVirtualMachines/adoptopenjdk-11.jdk/Contents/Home/lib/libinstrument.dylib
0x000000010d719000 	/Library/Java/JavaVirtualMachines/adoptopenjdk-11.jdk/Contents/Home/lib/libzip.dylib
0x00000001305a2000 	/Library/Java/JavaVirtualMachines/adoptopenjdk-11.jdk/Contents/Home/lib/libdt_socket.dylib
0x00000001305cd000 	/Library/Java/JavaVirtualMachines/adoptopenjdk-11.jdk/Contents/Home/lib/libnio.dylib
0x00000001305f9000 	/Library/Java/JavaVirtualMachines/adoptopenjdk-11.jdk/Contents/Home/lib/libnet.dylib
0x0000000130686000 	/Library/Java/JavaVirtualMachines/adoptopenjdk-11.jdk/Contents/Home/lib/libmanagement.dylib
0x00000001306a5000 	/Library/Java/JavaVirtualMachines/adoptopenjdk-11.jdk/Contents/Home/lib/libmanagement_ext.dylib
0x00000001309ca000 	/Library/Java/JavaVirtualMachines/adoptopenjdk-11.jdk/Contents/Home/lib/libextnet.dylib
0x0000000132d65000 	/Library/Java/JavaVirtualMachines/adoptopenjdk-11.jdk/Contents/Home/lib/libsunec.dylib


VM Arguments:
jvm_args: -agentlib:jdwp=transport=dt_socket,address=127.0.0.1:61186,suspend=y,server=n -XX:TieredStopAtLevel=1 -Xverify:none -Dspring.output.ansi.enabled=always -Dcom.sun.management.jmxremote -Dspring.jmx.enabled=true -Dspring.liveBeansView.mbeanDomain -Dspring.application.admin.enabled=true -javaagent:/Users/ugo/Library/Caches/JetBrains/IntelliJIdea2022.2/captureAgent/debugger-agent.jar -Dfile.encoding=UTF-8 
java_command: com.app.thingsilove.ThingsiloveApplication
java_class_path (initial): /Users/ugo/IdeaProjects/thingsilove/build/classes/java/main:/Users/ugo/IdeaProjects/thingsilove/build/resources/main:/Users/ugo/.gradle/caches/modules-2/files-2.1/org.projectlombok/lombok/1.18.24/13a394eed5c4f9efb2a6d956e2086f1d81e857d9/lombok-1.18.24.jar:/Users/ugo/.gradle/caches/modules-2/files-2.1/org.springframework.boot/spring-boot-starter-data-jpa/2.7.5/b83184467079d5b808fb2f9fbc858b1804975808/spring-boot-starter-data-jpa-2.7.5.jar:/Users/ugo/.gradle/caches/modules-2/files-2.1/org.springframework.boot/spring-boot-starter-security/2.7.5/cc83d58be6861484d25ae9e2fc6db6564062140d/spring-boot-starter-security-2.7.5.jar:/Users/ugo/.gradle/caches/modules-2/files-2.1/org.springframework.boot/spring-boot-starter-web/2.7.5/bb4099d0466a62c3b11ab9323babca13bb430a2e/spring-boot-starter-web-2.7.5.jar:/Users/ugo/.gradle/caches/modules-2/files-2.1/com.querydsl/querydsl-jpa/5.0.0/2d66608cb2cbcde56290e49f2918960cc17fcb09/querydsl-jpa-5.0.0.jar:/Users/ugo/.gradle/caches/modules-2/files-2.1/com.querydsl/querydsl-apt/5.0.0/fa5554c395bdcbe9846242824857a82874ad3223/querydsl-apt-5.0.0.jar:/Users/ugo/.gradle/caches/modules-2/files-2.1/org.springframework.boot/spring-boot-starter-aop/2.7.5/ea4b85395faaa3a382f2a582e4bf023d088d320e/spring-boot-starter-aop-2.7.5.jar:/Users/ugo/.gradle/caches/modules-2/files-2.1/org.springframework.boot/spring-boot-starter-jdbc/2.7.5/b57c3f8fb2fe235a8ff368755092371423bbc5b3/spring-boot-starter-jdbc-2.7.5.jar:/Users/ugo/.gradle/caches/modules-2/files-2.1/jakarta.transaction/jakarta.transaction-api/1.3.3/c4179d48720a1e87202115fbed6089bdc4195405/jakarta.transaction-api-1.3.3.jar:/Users/ugo/.gradle/caches/modules-2/files-2.1/jakarta.persistence/jakarta.persistence-api/2.2.3/8f6ea5daedc614f07a3654a455660145286f024e/jakarta.persistence-api-2.2.3.jar:/Users/ugo/.gradle/caches/modules-2/files-2.1/org.hibernate/hibernate-core/5.6.12.Final/66720fe38bdb9515924d559b8aac7b522d7ae171/hibernate-core-5.6.12.Final.jar:/Users/ugo/.gradle/caches/
Launcher Type: SUN_STANDARD

[Global flags]
     bool BytecodeVerificationLocal                = false                                     {product} {command line}
     bool BytecodeVerificationRemote               = false                                     {product} {command line}
     intx CICompilerCount                          = 4                                         {product} {ergonomic}
     uint ConcGCThreads                            = 2                                         {product} {ergonomic}
     uint G1ConcRefinementThreads                  = 8                                         {product} {ergonomic}
   size_t G1HeapRegionSize                         = 1048576                                   {product} {ergonomic}
    uintx GCDrainStackTargetSize                   = 64                                        {product} {ergonomic}
   size_t InitialHeapSize                          = 134217728                                 {product} {ergonomic}
     bool ManagementServer                         = true                                      {product} {command line}
   size_t MarkStackSize                            = 4194304                                   {product} {ergonomic}
   size_t MaxHeapSize                              = 2147483648                                {product} {ergonomic}
   size_t MaxNewSize                               = 1287651328                                {product} {ergonomic}
   size_t MinHeapDeltaBytes                        = 1048576                                   {product} {ergonomic}
    uintx NonNMethodCodeHeapSize                   = 7549744                                {pd product} {ergonomic}
    uintx NonProfiledCodeHeapSize                  = 244108496                              {pd product} {ergonomic}
    uintx ProfiledCodeHeapSize                     = 0                                      {pd product} {ergonomic}
    uintx ReservedCodeCacheSize                    = 251658240                              {pd product} {ergonomic}
     bool SegmentedCodeCache                       = true                                      {product} {ergonomic}
     intx TieredStopAtLevel                        = 1                                         {product} {command line}
     bool UseCompressedClassPointers               = true                                 {lp64_product} {ergonomic}
     bool UseCompressedOops                        = true                                 {lp64_product} {ergonomic}
     bool UseG1GC                                  = true                                      {product} {ergonomic}

Logging:
Log output configuration:
 #0: stdout all=warning uptime,level,tags
 #1: stderr all=off uptime,level,tags

Environment Variables:
JAVA_HOME=/Library/Java/JavaVirtualMachines/adoptopenjdk-13.jdk/Contents/Home
PATH=/Users/ugo/.nvm/versions/node/v14.17.4/bin:/opt/homebrew/bin:/opt/homebrew/sbin:/usr/local/bin:/usr/bin:/bin:/usr/sbin:/sbin:/Applications/Visual Studio Code.app/Contents/Resources/app/bin
SHELL=/bin/zsh
LC_CTYPE=ko_KR.UTF-8

Signal Handlers:
SIGSEGV: [libjvm.dylib+0x7bc7ea], sa_mask[0]=11111111111111111111111111111111, sa_flags=SA_ONSTACK|SA_RESTART|SA_SIGINFO
SIGBUS: [libjvm.dylib+0x7bc7ea], sa_mask[0]=11111111111111111111111111111111, sa_flags=SA_RESTART|SA_SIGINFO
SIGFPE: [libjvm.dylib+0x7bc7ea], sa_mask[0]=11111111111111111111111111111111, sa_flags=SA_RESTART|SA_SIGINFO
SIGPIPE: [libjvm.dylib+0x62226b], sa_mask[0]=11111111111111111111111111111111, sa_flags=SA_RESTART|SA_SIGINFO
SIGXFSZ: [libjvm.dylib+0x62226b], sa_mask[0]=11111111111111111111111111111111, sa_flags=SA_RESTART|SA_SIGINFO
SIGILL: [libjvm.dylib+0x7bc7ea], sa_mask[0]=11111111111111111111111111111111, sa_flags=SA_RESTART|SA_SIGINFO
SIGUSR2: [libjvm.dylib+0x622853], sa_mask[0]=00100000000000000000000000000000, sa_flags=SA_RESTART|SA_SIGINFO
SIGHUP: [libjvm.dylib+0x6213f1], sa_mask[0]=11111111111111111111111111111111, sa_flags=SA_RESTART|SA_SIGINFO
SIGINT: [libjvm.dylib+0x6213f1], sa_mask[0]=11111111111111111111111111111111, sa_flags=SA_RESTART|SA_SIGINFO
SIGTERM: [libjvm.dylib+0x6213f1], sa_mask[0]=11111111111111111111111111111111, sa_flags=SA_RESTART|SA_SIGINFO
SIGQUIT: [libjvm.dylib+0x6213f1], sa_mask[0]=11111111111111111111111111111111, sa_flags=SA_RESTART|SA_SIGINFO


---------------  S Y S T E M  ---------------

OS:uname:Darwin 21.5.0 Darwin Kernel Version 21.5.0: Tue Apr 26 21:08:29 PDT 2022; root:xnu-8020.121.3~4/RELEASE_ARM64_T8101 x86_64
OS uptime: 15 days 0:16 hours
rlimit (soft/hard): STACK 8176k/65520k , CORE 0k/infinity , NPROC 1333/2000 , NOFILE 10240/infinity , AS infinity/infinity , CPU infinity/infinity , DATA infinity/infinity , FSIZE infinity/infinity , MEMLOCK infinity/infinity , RSS infinity/infinity
load average:3.83 3.81 3.76

CPU:total 8 (initial active 8) (1 cores per cpu, 1 threads per core) family 6 model 44 stepping 0 microcode 0x0, cmov, cx8, fxsr, mmx, sse, sse2, sse3, ssse3, sse4.1, sse4.2, popcnt, aes, clmul, tsc, tscinvbit, tscinv

Memory: 4k page, physical 8388608k(31964k free), swap 4194304k(780032k free)

vm_info: OpenJDK 64-Bit Server VM (11.0.11+9) for bsd-amd64 JRE (11.0.11+9), built on Apr 20 2021 22:06:18 by "jenkins" with gcc 4.2.1 Compatible Apple LLVM 10.0.1 (clang-1001.0.46.4)

END.
